ARM GAS  /tmp/cc7kwztn.s 			page 1


   1              		.cpu cortex-m3
   2              		.arch armv7-m
   3              		.fpu softvfp
   4              		.eabi_attribute 20, 1
   5              		.eabi_attribute 21, 1
   6              		.eabi_attribute 23, 3
   7              		.eabi_attribute 24, 1
   8              		.eabi_attribute 25, 1
   9              		.eabi_attribute 26, 1
  10              		.eabi_attribute 30, 4
  11              		.eabi_attribute 34, 1
  12              		.eabi_attribute 18, 4
  13              		.file	"stm32f1xx_hal.c"
  14              		.text
  15              	.Ltext0:
  16              		.cfi_sections	.debug_frame
  17              		.file 1 "Drivers/STM32F1xx_HAL_Driver/Src/stm32f1xx_hal.c"
  18              		.section	.text.HAL_MspInit,"ax",%progbits
  19              		.align	1
  20              		.weak	HAL_MspInit
  21              		.syntax unified
  22              		.thumb
  23              		.thumb_func
  25              	HAL_MspInit:
  26              	.LFB67:
   1:Drivers/STM32F1xx_HAL_Driver/Src/stm32f1xx_hal.c **** /**
   2:Drivers/STM32F1xx_HAL_Driver/Src/stm32f1xx_hal.c ****   ******************************************************************************
   3:Drivers/STM32F1xx_HAL_Driver/Src/stm32f1xx_hal.c ****   * @file    stm32f1xx_hal.c
   4:Drivers/STM32F1xx_HAL_Driver/Src/stm32f1xx_hal.c ****   * @author  MCD Application Team
   5:Drivers/STM32F1xx_HAL_Driver/Src/stm32f1xx_hal.c ****   * @brief   HAL module driver.
   6:Drivers/STM32F1xx_HAL_Driver/Src/stm32f1xx_hal.c ****   *          This is the common part of the HAL initialization
   7:Drivers/STM32F1xx_HAL_Driver/Src/stm32f1xx_hal.c ****   *
   8:Drivers/STM32F1xx_HAL_Driver/Src/stm32f1xx_hal.c ****   ******************************************************************************
   9:Drivers/STM32F1xx_HAL_Driver/Src/stm32f1xx_hal.c ****   * @attention
  10:Drivers/STM32F1xx_HAL_Driver/Src/stm32f1xx_hal.c ****   *
  11:Drivers/STM32F1xx_HAL_Driver/Src/stm32f1xx_hal.c ****   * Copyright (c) 2016 STMicroelectronics.
  12:Drivers/STM32F1xx_HAL_Driver/Src/stm32f1xx_hal.c ****   * All rights reserved.
  13:Drivers/STM32F1xx_HAL_Driver/Src/stm32f1xx_hal.c ****   *
  14:Drivers/STM32F1xx_HAL_Driver/Src/stm32f1xx_hal.c ****   * This software is licensed under terms that can be found in the LICENSE file
  15:Drivers/STM32F1xx_HAL_Driver/Src/stm32f1xx_hal.c ****   * in the root directory of this software component.
  16:Drivers/STM32F1xx_HAL_Driver/Src/stm32f1xx_hal.c ****   * If no LICENSE file comes with this software, it is provided AS-IS.
  17:Drivers/STM32F1xx_HAL_Driver/Src/stm32f1xx_hal.c ****   *
  18:Drivers/STM32F1xx_HAL_Driver/Src/stm32f1xx_hal.c ****   ******************************************************************************
  19:Drivers/STM32F1xx_HAL_Driver/Src/stm32f1xx_hal.c ****   @verbatim
  20:Drivers/STM32F1xx_HAL_Driver/Src/stm32f1xx_hal.c ****   ==============================================================================
  21:Drivers/STM32F1xx_HAL_Driver/Src/stm32f1xx_hal.c ****                      ##### How to use this driver #####
  22:Drivers/STM32F1xx_HAL_Driver/Src/stm32f1xx_hal.c ****   ==============================================================================
  23:Drivers/STM32F1xx_HAL_Driver/Src/stm32f1xx_hal.c ****     [..]
  24:Drivers/STM32F1xx_HAL_Driver/Src/stm32f1xx_hal.c ****     The common HAL driver contains a set of generic and common APIs that can be
  25:Drivers/STM32F1xx_HAL_Driver/Src/stm32f1xx_hal.c ****     used by the PPP peripheral drivers and the user to start using the HAL.
  26:Drivers/STM32F1xx_HAL_Driver/Src/stm32f1xx_hal.c ****     [..]
  27:Drivers/STM32F1xx_HAL_Driver/Src/stm32f1xx_hal.c ****     The HAL contains two APIs' categories:
  28:Drivers/STM32F1xx_HAL_Driver/Src/stm32f1xx_hal.c ****          (+) Common HAL APIs
  29:Drivers/STM32F1xx_HAL_Driver/Src/stm32f1xx_hal.c ****          (+) Services HAL APIs
  30:Drivers/STM32F1xx_HAL_Driver/Src/stm32f1xx_hal.c **** 
  31:Drivers/STM32F1xx_HAL_Driver/Src/stm32f1xx_hal.c ****   @endverbatim
  32:Drivers/STM32F1xx_HAL_Driver/Src/stm32f1xx_hal.c ****   ******************************************************************************
ARM GAS  /tmp/cc7kwztn.s 			page 2


  33:Drivers/STM32F1xx_HAL_Driver/Src/stm32f1xx_hal.c ****   */
  34:Drivers/STM32F1xx_HAL_Driver/Src/stm32f1xx_hal.c **** 
  35:Drivers/STM32F1xx_HAL_Driver/Src/stm32f1xx_hal.c **** /* Includes ------------------------------------------------------------------*/
  36:Drivers/STM32F1xx_HAL_Driver/Src/stm32f1xx_hal.c **** #include "stm32f1xx_hal.h"
  37:Drivers/STM32F1xx_HAL_Driver/Src/stm32f1xx_hal.c **** 
  38:Drivers/STM32F1xx_HAL_Driver/Src/stm32f1xx_hal.c **** /** @addtogroup STM32F1xx_HAL_Driver
  39:Drivers/STM32F1xx_HAL_Driver/Src/stm32f1xx_hal.c ****   * @{
  40:Drivers/STM32F1xx_HAL_Driver/Src/stm32f1xx_hal.c ****   */
  41:Drivers/STM32F1xx_HAL_Driver/Src/stm32f1xx_hal.c **** 
  42:Drivers/STM32F1xx_HAL_Driver/Src/stm32f1xx_hal.c **** /** @defgroup HAL HAL
  43:Drivers/STM32F1xx_HAL_Driver/Src/stm32f1xx_hal.c ****   * @brief HAL module driver.
  44:Drivers/STM32F1xx_HAL_Driver/Src/stm32f1xx_hal.c ****   * @{
  45:Drivers/STM32F1xx_HAL_Driver/Src/stm32f1xx_hal.c ****   */
  46:Drivers/STM32F1xx_HAL_Driver/Src/stm32f1xx_hal.c **** 
  47:Drivers/STM32F1xx_HAL_Driver/Src/stm32f1xx_hal.c **** #ifdef HAL_MODULE_ENABLED
  48:Drivers/STM32F1xx_HAL_Driver/Src/stm32f1xx_hal.c **** 
  49:Drivers/STM32F1xx_HAL_Driver/Src/stm32f1xx_hal.c **** /* Private typedef -----------------------------------------------------------*/
  50:Drivers/STM32F1xx_HAL_Driver/Src/stm32f1xx_hal.c **** /* Private define ------------------------------------------------------------*/
  51:Drivers/STM32F1xx_HAL_Driver/Src/stm32f1xx_hal.c **** 
  52:Drivers/STM32F1xx_HAL_Driver/Src/stm32f1xx_hal.c **** /** @defgroup HAL_Private_Constants HAL Private Constants
  53:Drivers/STM32F1xx_HAL_Driver/Src/stm32f1xx_hal.c ****   * @{
  54:Drivers/STM32F1xx_HAL_Driver/Src/stm32f1xx_hal.c ****   */
  55:Drivers/STM32F1xx_HAL_Driver/Src/stm32f1xx_hal.c **** /**
  56:Drivers/STM32F1xx_HAL_Driver/Src/stm32f1xx_hal.c ****  * @brief STM32F1xx HAL Driver version number
  57:Drivers/STM32F1xx_HAL_Driver/Src/stm32f1xx_hal.c ****    */
  58:Drivers/STM32F1xx_HAL_Driver/Src/stm32f1xx_hal.c **** #define __STM32F1xx_HAL_VERSION_MAIN   (0x01U) /*!< [31:24] main version */
  59:Drivers/STM32F1xx_HAL_Driver/Src/stm32f1xx_hal.c **** #define __STM32F1xx_HAL_VERSION_SUB1   (0x01U) /*!< [23:16] sub1 version */
  60:Drivers/STM32F1xx_HAL_Driver/Src/stm32f1xx_hal.c **** #define __STM32F1xx_HAL_VERSION_SUB2   (0x09U) /*!< [15:8]  sub2 version */
  61:Drivers/STM32F1xx_HAL_Driver/Src/stm32f1xx_hal.c **** #define __STM32F1xx_HAL_VERSION_RC     (0x00U) /*!< [7:0]  release candidate */
  62:Drivers/STM32F1xx_HAL_Driver/Src/stm32f1xx_hal.c **** #define __STM32F1xx_HAL_VERSION         ((__STM32F1xx_HAL_VERSION_MAIN << 24)\
  63:Drivers/STM32F1xx_HAL_Driver/Src/stm32f1xx_hal.c ****                                         |(__STM32F1xx_HAL_VERSION_SUB1 << 16)\
  64:Drivers/STM32F1xx_HAL_Driver/Src/stm32f1xx_hal.c ****                                         |(__STM32F1xx_HAL_VERSION_SUB2 << 8 )\
  65:Drivers/STM32F1xx_HAL_Driver/Src/stm32f1xx_hal.c ****                                         |(__STM32F1xx_HAL_VERSION_RC))
  66:Drivers/STM32F1xx_HAL_Driver/Src/stm32f1xx_hal.c **** 
  67:Drivers/STM32F1xx_HAL_Driver/Src/stm32f1xx_hal.c **** #define IDCODE_DEVID_MASK    0x00000FFFU
  68:Drivers/STM32F1xx_HAL_Driver/Src/stm32f1xx_hal.c **** 
  69:Drivers/STM32F1xx_HAL_Driver/Src/stm32f1xx_hal.c **** /**
  70:Drivers/STM32F1xx_HAL_Driver/Src/stm32f1xx_hal.c ****   * @}
  71:Drivers/STM32F1xx_HAL_Driver/Src/stm32f1xx_hal.c ****   */
  72:Drivers/STM32F1xx_HAL_Driver/Src/stm32f1xx_hal.c **** 
  73:Drivers/STM32F1xx_HAL_Driver/Src/stm32f1xx_hal.c **** /* Private macro -------------------------------------------------------------*/
  74:Drivers/STM32F1xx_HAL_Driver/Src/stm32f1xx_hal.c **** /* Private variables ---------------------------------------------------------*/
  75:Drivers/STM32F1xx_HAL_Driver/Src/stm32f1xx_hal.c **** 
  76:Drivers/STM32F1xx_HAL_Driver/Src/stm32f1xx_hal.c **** /** @defgroup HAL_Private_Variables HAL Private Variables
  77:Drivers/STM32F1xx_HAL_Driver/Src/stm32f1xx_hal.c ****   * @{
  78:Drivers/STM32F1xx_HAL_Driver/Src/stm32f1xx_hal.c ****   */
  79:Drivers/STM32F1xx_HAL_Driver/Src/stm32f1xx_hal.c **** __IO uint32_t uwTick;
  80:Drivers/STM32F1xx_HAL_Driver/Src/stm32f1xx_hal.c **** uint32_t uwTickPrio   = (1UL << __NVIC_PRIO_BITS); /* Invalid PRIO */
  81:Drivers/STM32F1xx_HAL_Driver/Src/stm32f1xx_hal.c **** HAL_TickFreqTypeDef uwTickFreq = HAL_TICK_FREQ_DEFAULT;  /* 1KHz */
  82:Drivers/STM32F1xx_HAL_Driver/Src/stm32f1xx_hal.c **** /**
  83:Drivers/STM32F1xx_HAL_Driver/Src/stm32f1xx_hal.c ****   * @}
  84:Drivers/STM32F1xx_HAL_Driver/Src/stm32f1xx_hal.c ****   */
  85:Drivers/STM32F1xx_HAL_Driver/Src/stm32f1xx_hal.c **** /* Private function prototypes -----------------------------------------------*/
  86:Drivers/STM32F1xx_HAL_Driver/Src/stm32f1xx_hal.c **** /* Exported functions ---------------------------------------------------------*/
  87:Drivers/STM32F1xx_HAL_Driver/Src/stm32f1xx_hal.c **** 
  88:Drivers/STM32F1xx_HAL_Driver/Src/stm32f1xx_hal.c **** /** @defgroup HAL_Exported_Functions HAL Exported Functions
  89:Drivers/STM32F1xx_HAL_Driver/Src/stm32f1xx_hal.c ****   * @{
ARM GAS  /tmp/cc7kwztn.s 			page 3


  90:Drivers/STM32F1xx_HAL_Driver/Src/stm32f1xx_hal.c ****   */
  91:Drivers/STM32F1xx_HAL_Driver/Src/stm32f1xx_hal.c **** 
  92:Drivers/STM32F1xx_HAL_Driver/Src/stm32f1xx_hal.c **** /** @defgroup HAL_Exported_Functions_Group1 Initialization and de-initialization Functions
  93:Drivers/STM32F1xx_HAL_Driver/Src/stm32f1xx_hal.c ****  *  @brief    Initialization and de-initialization functions
  94:Drivers/STM32F1xx_HAL_Driver/Src/stm32f1xx_hal.c ****  *
  95:Drivers/STM32F1xx_HAL_Driver/Src/stm32f1xx_hal.c **** @verbatim
  96:Drivers/STM32F1xx_HAL_Driver/Src/stm32f1xx_hal.c ****  ===============================================================================
  97:Drivers/STM32F1xx_HAL_Driver/Src/stm32f1xx_hal.c ****               ##### Initialization and de-initialization functions #####
  98:Drivers/STM32F1xx_HAL_Driver/Src/stm32f1xx_hal.c ****  ===============================================================================
  99:Drivers/STM32F1xx_HAL_Driver/Src/stm32f1xx_hal.c ****    [..]  This section provides functions allowing to:
 100:Drivers/STM32F1xx_HAL_Driver/Src/stm32f1xx_hal.c ****       (+) Initializes the Flash interface, the NVIC allocation and initial clock
 101:Drivers/STM32F1xx_HAL_Driver/Src/stm32f1xx_hal.c ****           configuration. It initializes the systick also when timeout is needed
 102:Drivers/STM32F1xx_HAL_Driver/Src/stm32f1xx_hal.c ****           and the backup domain when enabled.
 103:Drivers/STM32F1xx_HAL_Driver/Src/stm32f1xx_hal.c ****       (+) de-Initializes common part of the HAL.
 104:Drivers/STM32F1xx_HAL_Driver/Src/stm32f1xx_hal.c ****       (+) Configure The time base source to have 1ms time base with a dedicated
 105:Drivers/STM32F1xx_HAL_Driver/Src/stm32f1xx_hal.c ****           Tick interrupt priority.
 106:Drivers/STM32F1xx_HAL_Driver/Src/stm32f1xx_hal.c ****         (++) SysTick timer is used by default as source of time base, but user
 107:Drivers/STM32F1xx_HAL_Driver/Src/stm32f1xx_hal.c ****              can eventually implement his proper time base source (a general purpose
 108:Drivers/STM32F1xx_HAL_Driver/Src/stm32f1xx_hal.c ****              timer for example or other time source), keeping in mind that Time base
 109:Drivers/STM32F1xx_HAL_Driver/Src/stm32f1xx_hal.c ****              duration should be kept 1ms since PPP_TIMEOUT_VALUEs are defined and
 110:Drivers/STM32F1xx_HAL_Driver/Src/stm32f1xx_hal.c ****              handled in milliseconds basis.
 111:Drivers/STM32F1xx_HAL_Driver/Src/stm32f1xx_hal.c ****         (++) Time base configuration function (HAL_InitTick ()) is called automatically
 112:Drivers/STM32F1xx_HAL_Driver/Src/stm32f1xx_hal.c ****              at the beginning of the program after reset by HAL_Init() or at any time
 113:Drivers/STM32F1xx_HAL_Driver/Src/stm32f1xx_hal.c ****              when clock is configured, by HAL_RCC_ClockConfig().
 114:Drivers/STM32F1xx_HAL_Driver/Src/stm32f1xx_hal.c ****         (++) Source of time base is configured  to generate interrupts at regular
 115:Drivers/STM32F1xx_HAL_Driver/Src/stm32f1xx_hal.c ****              time intervals. Care must be taken if HAL_Delay() is called from a
 116:Drivers/STM32F1xx_HAL_Driver/Src/stm32f1xx_hal.c ****              peripheral ISR process, the Tick interrupt line must have higher priority
 117:Drivers/STM32F1xx_HAL_Driver/Src/stm32f1xx_hal.c ****             (numerically lower) than the peripheral interrupt. Otherwise the caller
 118:Drivers/STM32F1xx_HAL_Driver/Src/stm32f1xx_hal.c ****             ISR process will be blocked.
 119:Drivers/STM32F1xx_HAL_Driver/Src/stm32f1xx_hal.c ****        (++) functions affecting time base configurations are declared as __weak
 120:Drivers/STM32F1xx_HAL_Driver/Src/stm32f1xx_hal.c ****              to make  override possible  in case of other  implementations in user file.
 121:Drivers/STM32F1xx_HAL_Driver/Src/stm32f1xx_hal.c **** @endverbatim
 122:Drivers/STM32F1xx_HAL_Driver/Src/stm32f1xx_hal.c ****   * @{
 123:Drivers/STM32F1xx_HAL_Driver/Src/stm32f1xx_hal.c ****   */
 124:Drivers/STM32F1xx_HAL_Driver/Src/stm32f1xx_hal.c **** 
 125:Drivers/STM32F1xx_HAL_Driver/Src/stm32f1xx_hal.c **** /**
 126:Drivers/STM32F1xx_HAL_Driver/Src/stm32f1xx_hal.c ****   * @brief  This function is used to initialize the HAL Library; it must be the first
 127:Drivers/STM32F1xx_HAL_Driver/Src/stm32f1xx_hal.c ****   *         instruction to be executed in the main program (before to call any other
 128:Drivers/STM32F1xx_HAL_Driver/Src/stm32f1xx_hal.c ****   *         HAL function), it performs the following:
 129:Drivers/STM32F1xx_HAL_Driver/Src/stm32f1xx_hal.c ****   *           Configure the Flash prefetch.
 130:Drivers/STM32F1xx_HAL_Driver/Src/stm32f1xx_hal.c ****   *           Configures the SysTick to generate an interrupt each 1 millisecond,
 131:Drivers/STM32F1xx_HAL_Driver/Src/stm32f1xx_hal.c ****   *           which is clocked by the HSI (at this stage, the clock is not yet
 132:Drivers/STM32F1xx_HAL_Driver/Src/stm32f1xx_hal.c ****   *           configured and thus the system is running from the internal HSI at 16 MHz).
 133:Drivers/STM32F1xx_HAL_Driver/Src/stm32f1xx_hal.c ****   *           Set NVIC Group Priority to 4.
 134:Drivers/STM32F1xx_HAL_Driver/Src/stm32f1xx_hal.c ****   *           Calls the HAL_MspInit() callback function defined in user file
 135:Drivers/STM32F1xx_HAL_Driver/Src/stm32f1xx_hal.c ****   *           "stm32f1xx_hal_msp.c" to do the global low level hardware initialization
 136:Drivers/STM32F1xx_HAL_Driver/Src/stm32f1xx_hal.c ****   *
 137:Drivers/STM32F1xx_HAL_Driver/Src/stm32f1xx_hal.c ****   * @note   SysTick is used as time base for the HAL_Delay() function, the application
 138:Drivers/STM32F1xx_HAL_Driver/Src/stm32f1xx_hal.c ****   *         need to ensure that the SysTick time base is always set to 1 millisecond
 139:Drivers/STM32F1xx_HAL_Driver/Src/stm32f1xx_hal.c ****   *         to have correct HAL operation.
 140:Drivers/STM32F1xx_HAL_Driver/Src/stm32f1xx_hal.c ****   * @retval HAL status
 141:Drivers/STM32F1xx_HAL_Driver/Src/stm32f1xx_hal.c ****   */
 142:Drivers/STM32F1xx_HAL_Driver/Src/stm32f1xx_hal.c **** HAL_StatusTypeDef HAL_Init(void)
 143:Drivers/STM32F1xx_HAL_Driver/Src/stm32f1xx_hal.c **** {
 144:Drivers/STM32F1xx_HAL_Driver/Src/stm32f1xx_hal.c ****   /* Configure Flash prefetch */
 145:Drivers/STM32F1xx_HAL_Driver/Src/stm32f1xx_hal.c **** #if (PREFETCH_ENABLE != 0)
 146:Drivers/STM32F1xx_HAL_Driver/Src/stm32f1xx_hal.c **** #if defined(STM32F101x6) || defined(STM32F101xB) || defined(STM32F101xE) || defined(STM32F101xG) ||
ARM GAS  /tmp/cc7kwztn.s 			page 4


 147:Drivers/STM32F1xx_HAL_Driver/Src/stm32f1xx_hal.c ****     defined(STM32F102x6) || defined(STM32F102xB) || \
 148:Drivers/STM32F1xx_HAL_Driver/Src/stm32f1xx_hal.c ****     defined(STM32F103x6) || defined(STM32F103xB) || defined(STM32F103xE) || defined(STM32F103xG) ||
 149:Drivers/STM32F1xx_HAL_Driver/Src/stm32f1xx_hal.c ****     defined(STM32F105xC) || defined(STM32F107xC)
 150:Drivers/STM32F1xx_HAL_Driver/Src/stm32f1xx_hal.c **** 
 151:Drivers/STM32F1xx_HAL_Driver/Src/stm32f1xx_hal.c ****   /* Prefetch buffer is not available on value line devices */
 152:Drivers/STM32F1xx_HAL_Driver/Src/stm32f1xx_hal.c ****   __HAL_FLASH_PREFETCH_BUFFER_ENABLE();
 153:Drivers/STM32F1xx_HAL_Driver/Src/stm32f1xx_hal.c **** #endif
 154:Drivers/STM32F1xx_HAL_Driver/Src/stm32f1xx_hal.c **** #endif /* PREFETCH_ENABLE */
 155:Drivers/STM32F1xx_HAL_Driver/Src/stm32f1xx_hal.c **** 
 156:Drivers/STM32F1xx_HAL_Driver/Src/stm32f1xx_hal.c ****   /* Set Interrupt Group Priority */
 157:Drivers/STM32F1xx_HAL_Driver/Src/stm32f1xx_hal.c ****   HAL_NVIC_SetPriorityGrouping(NVIC_PRIORITYGROUP_4);
 158:Drivers/STM32F1xx_HAL_Driver/Src/stm32f1xx_hal.c **** 
 159:Drivers/STM32F1xx_HAL_Driver/Src/stm32f1xx_hal.c ****   /* Use systick as time base source and configure 1ms tick (default clock after Reset is HSI) */
 160:Drivers/STM32F1xx_HAL_Driver/Src/stm32f1xx_hal.c ****   HAL_InitTick(TICK_INT_PRIORITY);
 161:Drivers/STM32F1xx_HAL_Driver/Src/stm32f1xx_hal.c **** 
 162:Drivers/STM32F1xx_HAL_Driver/Src/stm32f1xx_hal.c ****   /* Init the low level hardware */
 163:Drivers/STM32F1xx_HAL_Driver/Src/stm32f1xx_hal.c ****   HAL_MspInit();
 164:Drivers/STM32F1xx_HAL_Driver/Src/stm32f1xx_hal.c **** 
 165:Drivers/STM32F1xx_HAL_Driver/Src/stm32f1xx_hal.c ****   /* Return function status */
 166:Drivers/STM32F1xx_HAL_Driver/Src/stm32f1xx_hal.c ****   return HAL_OK;
 167:Drivers/STM32F1xx_HAL_Driver/Src/stm32f1xx_hal.c **** }
 168:Drivers/STM32F1xx_HAL_Driver/Src/stm32f1xx_hal.c **** 
 169:Drivers/STM32F1xx_HAL_Driver/Src/stm32f1xx_hal.c **** /**
 170:Drivers/STM32F1xx_HAL_Driver/Src/stm32f1xx_hal.c ****   * @brief This function de-Initializes common part of the HAL and stops the systick.
 171:Drivers/STM32F1xx_HAL_Driver/Src/stm32f1xx_hal.c ****   *        of time base.
 172:Drivers/STM32F1xx_HAL_Driver/Src/stm32f1xx_hal.c ****   * @note This function is optional.
 173:Drivers/STM32F1xx_HAL_Driver/Src/stm32f1xx_hal.c ****   * @retval HAL status
 174:Drivers/STM32F1xx_HAL_Driver/Src/stm32f1xx_hal.c ****   */
 175:Drivers/STM32F1xx_HAL_Driver/Src/stm32f1xx_hal.c **** HAL_StatusTypeDef HAL_DeInit(void)
 176:Drivers/STM32F1xx_HAL_Driver/Src/stm32f1xx_hal.c **** {
 177:Drivers/STM32F1xx_HAL_Driver/Src/stm32f1xx_hal.c ****   /* Reset of all peripherals */
 178:Drivers/STM32F1xx_HAL_Driver/Src/stm32f1xx_hal.c ****   __HAL_RCC_APB1_FORCE_RESET();
 179:Drivers/STM32F1xx_HAL_Driver/Src/stm32f1xx_hal.c ****   __HAL_RCC_APB1_RELEASE_RESET();
 180:Drivers/STM32F1xx_HAL_Driver/Src/stm32f1xx_hal.c **** 
 181:Drivers/STM32F1xx_HAL_Driver/Src/stm32f1xx_hal.c ****   __HAL_RCC_APB2_FORCE_RESET();
 182:Drivers/STM32F1xx_HAL_Driver/Src/stm32f1xx_hal.c ****   __HAL_RCC_APB2_RELEASE_RESET();
 183:Drivers/STM32F1xx_HAL_Driver/Src/stm32f1xx_hal.c **** 
 184:Drivers/STM32F1xx_HAL_Driver/Src/stm32f1xx_hal.c **** #if defined(STM32F105xC) || defined(STM32F107xC)
 185:Drivers/STM32F1xx_HAL_Driver/Src/stm32f1xx_hal.c ****   __HAL_RCC_AHB_FORCE_RESET();
 186:Drivers/STM32F1xx_HAL_Driver/Src/stm32f1xx_hal.c ****   __HAL_RCC_AHB_RELEASE_RESET();
 187:Drivers/STM32F1xx_HAL_Driver/Src/stm32f1xx_hal.c **** #endif
 188:Drivers/STM32F1xx_HAL_Driver/Src/stm32f1xx_hal.c **** 
 189:Drivers/STM32F1xx_HAL_Driver/Src/stm32f1xx_hal.c ****   /* De-Init the low level hardware */
 190:Drivers/STM32F1xx_HAL_Driver/Src/stm32f1xx_hal.c ****   HAL_MspDeInit();
 191:Drivers/STM32F1xx_HAL_Driver/Src/stm32f1xx_hal.c **** 
 192:Drivers/STM32F1xx_HAL_Driver/Src/stm32f1xx_hal.c ****   /* Return function status */
 193:Drivers/STM32F1xx_HAL_Driver/Src/stm32f1xx_hal.c ****   return HAL_OK;
 194:Drivers/STM32F1xx_HAL_Driver/Src/stm32f1xx_hal.c **** }
 195:Drivers/STM32F1xx_HAL_Driver/Src/stm32f1xx_hal.c **** 
 196:Drivers/STM32F1xx_HAL_Driver/Src/stm32f1xx_hal.c **** /**
 197:Drivers/STM32F1xx_HAL_Driver/Src/stm32f1xx_hal.c ****   * @brief  Initialize the MSP.
 198:Drivers/STM32F1xx_HAL_Driver/Src/stm32f1xx_hal.c ****   * @retval None
 199:Drivers/STM32F1xx_HAL_Driver/Src/stm32f1xx_hal.c ****   */
 200:Drivers/STM32F1xx_HAL_Driver/Src/stm32f1xx_hal.c **** __weak void HAL_MspInit(void)
 201:Drivers/STM32F1xx_HAL_Driver/Src/stm32f1xx_hal.c **** {
  27              		.loc 1 201 1 view -0
  28              		.cfi_startproc
ARM GAS  /tmp/cc7kwztn.s 			page 5


  29              		@ args = 0, pretend = 0, frame = 0
  30              		@ frame_needed = 0, uses_anonymous_args = 0
  31              		@ link register save eliminated.
 202:Drivers/STM32F1xx_HAL_Driver/Src/stm32f1xx_hal.c ****   /* NOTE : This function should not be modified, when the callback is needed,
 203:Drivers/STM32F1xx_HAL_Driver/Src/stm32f1xx_hal.c ****             the HAL_MspInit could be implemented in the user file
 204:Drivers/STM32F1xx_HAL_Driver/Src/stm32f1xx_hal.c ****    */
 205:Drivers/STM32F1xx_HAL_Driver/Src/stm32f1xx_hal.c **** }
  32              		.loc 1 205 1 view .LVU1
  33 0000 7047     		bx	lr
  34              		.cfi_endproc
  35              	.LFE67:
  37              		.section	.text.HAL_MspDeInit,"ax",%progbits
  38              		.align	1
  39              		.weak	HAL_MspDeInit
  40              		.syntax unified
  41              		.thumb
  42              		.thumb_func
  44              	HAL_MspDeInit:
  45              	.LFB92:
  46              		.cfi_startproc
 206:Drivers/STM32F1xx_HAL_Driver/Src/stm32f1xx_hal.c **** 
 207:Drivers/STM32F1xx_HAL_Driver/Src/stm32f1xx_hal.c **** /**
 208:Drivers/STM32F1xx_HAL_Driver/Src/stm32f1xx_hal.c ****   * @brief  DeInitializes the MSP.
 209:Drivers/STM32F1xx_HAL_Driver/Src/stm32f1xx_hal.c ****   * @retval None
 210:Drivers/STM32F1xx_HAL_Driver/Src/stm32f1xx_hal.c ****   */
 211:Drivers/STM32F1xx_HAL_Driver/Src/stm32f1xx_hal.c **** __weak void HAL_MspDeInit(void)
  47              		.loc 1 211 13 view -0
  48              		@ args = 0, pretend = 0, frame = 0
  49              		@ frame_needed = 0, uses_anonymous_args = 0
  50              		@ link register save eliminated.
  51 0000 7047     		bx	lr
  52              		.cfi_endproc
  53              	.LFE92:
  55              		.section	.text.HAL_DeInit,"ax",%progbits
  56              		.align	1
  57              		.global	HAL_DeInit
  58              		.syntax unified
  59              		.thumb
  60              		.thumb_func
  62              	HAL_DeInit:
  63              	.LFB66:
 176:Drivers/STM32F1xx_HAL_Driver/Src/stm32f1xx_hal.c ****   /* Reset of all peripherals */
  64              		.loc 1 176 1 view -0
  65              		.cfi_startproc
  66              		@ args = 0, pretend = 0, frame = 0
  67              		@ frame_needed = 0, uses_anonymous_args = 0
 178:Drivers/STM32F1xx_HAL_Driver/Src/stm32f1xx_hal.c ****   __HAL_RCC_APB1_RELEASE_RESET();
  68              		.loc 1 178 3 view .LVU4
 176:Drivers/STM32F1xx_HAL_Driver/Src/stm32f1xx_hal.c ****   /* Reset of all peripherals */
  69              		.loc 1 176 1 is_stmt 0 view .LVU5
  70 0000 10B5     		push	{r4, lr}
  71              	.LCFI0:
  72              		.cfi_def_cfa_offset 8
  73              		.cfi_offset 4, -8
  74              		.cfi_offset 14, -4
 178:Drivers/STM32F1xx_HAL_Driver/Src/stm32f1xx_hal.c ****   __HAL_RCC_APB1_RELEASE_RESET();
  75              		.loc 1 178 3 view .LVU6
ARM GAS  /tmp/cc7kwztn.s 			page 6


  76 0002 4FF0FF32 		mov	r2, #-1
 179:Drivers/STM32F1xx_HAL_Driver/Src/stm32f1xx_hal.c **** 
  77              		.loc 1 179 3 view .LVU7
  78 0006 0024     		movs	r4, #0
 178:Drivers/STM32F1xx_HAL_Driver/Src/stm32f1xx_hal.c ****   __HAL_RCC_APB1_RELEASE_RESET();
  79              		.loc 1 178 3 view .LVU8
  80 0008 044B     		ldr	r3, .L4
  81 000a 1A61     		str	r2, [r3, #16]
 179:Drivers/STM32F1xx_HAL_Driver/Src/stm32f1xx_hal.c **** 
  82              		.loc 1 179 3 is_stmt 1 view .LVU9
  83 000c 1C61     		str	r4, [r3, #16]
 181:Drivers/STM32F1xx_HAL_Driver/Src/stm32f1xx_hal.c ****   __HAL_RCC_APB2_RELEASE_RESET();
  84              		.loc 1 181 3 view .LVU10
  85 000e DA60     		str	r2, [r3, #12]
 182:Drivers/STM32F1xx_HAL_Driver/Src/stm32f1xx_hal.c **** 
  86              		.loc 1 182 3 view .LVU11
  87 0010 DC60     		str	r4, [r3, #12]
 190:Drivers/STM32F1xx_HAL_Driver/Src/stm32f1xx_hal.c **** 
  88              		.loc 1 190 3 view .LVU12
  89 0012 FFF7FEFF 		bl	HAL_MspDeInit
  90              	.LVL0:
 193:Drivers/STM32F1xx_HAL_Driver/Src/stm32f1xx_hal.c **** }
  91              		.loc 1 193 3 view .LVU13
 194:Drivers/STM32F1xx_HAL_Driver/Src/stm32f1xx_hal.c **** 
  92              		.loc 1 194 1 is_stmt 0 view .LVU14
  93 0016 2046     		mov	r0, r4
  94 0018 10BD     		pop	{r4, pc}
  95              	.L5:
  96 001a 00BF     		.align	2
  97              	.L4:
  98 001c 00100240 		.word	1073876992
  99              		.cfi_endproc
 100              	.LFE66:
 102              		.section	.text.HAL_InitTick,"ax",%progbits
 103              		.align	1
 104              		.weak	HAL_InitTick
 105              		.syntax unified
 106              		.thumb
 107              		.thumb_func
 109              	HAL_InitTick:
 110              	.LVL1:
 111              	.LFB69:
 212:Drivers/STM32F1xx_HAL_Driver/Src/stm32f1xx_hal.c **** {
 213:Drivers/STM32F1xx_HAL_Driver/Src/stm32f1xx_hal.c ****   /* NOTE : This function should not be modified, when the callback is needed,
 214:Drivers/STM32F1xx_HAL_Driver/Src/stm32f1xx_hal.c ****             the HAL_MspDeInit could be implemented in the user file
 215:Drivers/STM32F1xx_HAL_Driver/Src/stm32f1xx_hal.c ****    */
 216:Drivers/STM32F1xx_HAL_Driver/Src/stm32f1xx_hal.c **** }
 217:Drivers/STM32F1xx_HAL_Driver/Src/stm32f1xx_hal.c **** 
 218:Drivers/STM32F1xx_HAL_Driver/Src/stm32f1xx_hal.c **** /**
 219:Drivers/STM32F1xx_HAL_Driver/Src/stm32f1xx_hal.c ****   * @brief This function configures the source of the time base.
 220:Drivers/STM32F1xx_HAL_Driver/Src/stm32f1xx_hal.c ****   *        The time source is configured  to have 1ms time base with a dedicated
 221:Drivers/STM32F1xx_HAL_Driver/Src/stm32f1xx_hal.c ****   *        Tick interrupt priority.
 222:Drivers/STM32F1xx_HAL_Driver/Src/stm32f1xx_hal.c ****   * @note This function is called  automatically at the beginning of program after
 223:Drivers/STM32F1xx_HAL_Driver/Src/stm32f1xx_hal.c ****   *       reset by HAL_Init() or at any time when clock is reconfigured  by HAL_RCC_ClockConfig().
 224:Drivers/STM32F1xx_HAL_Driver/Src/stm32f1xx_hal.c ****   * @note In the default implementation, SysTick timer is the source of time base.
 225:Drivers/STM32F1xx_HAL_Driver/Src/stm32f1xx_hal.c ****   *       It is used to generate interrupts at regular time intervals.
 226:Drivers/STM32F1xx_HAL_Driver/Src/stm32f1xx_hal.c ****   *       Care must be taken if HAL_Delay() is called from a peripheral ISR process,
ARM GAS  /tmp/cc7kwztn.s 			page 7


 227:Drivers/STM32F1xx_HAL_Driver/Src/stm32f1xx_hal.c ****   *       The SysTick interrupt must have higher priority (numerically lower)
 228:Drivers/STM32F1xx_HAL_Driver/Src/stm32f1xx_hal.c ****   *       than the peripheral interrupt. Otherwise the caller ISR process will be blocked.
 229:Drivers/STM32F1xx_HAL_Driver/Src/stm32f1xx_hal.c ****   *       The function is declared as __weak  to be overwritten  in case of other
 230:Drivers/STM32F1xx_HAL_Driver/Src/stm32f1xx_hal.c ****   *       implementation  in user file.
 231:Drivers/STM32F1xx_HAL_Driver/Src/stm32f1xx_hal.c ****   * @param TickPriority Tick interrupt priority.
 232:Drivers/STM32F1xx_HAL_Driver/Src/stm32f1xx_hal.c ****   * @retval HAL status
 233:Drivers/STM32F1xx_HAL_Driver/Src/stm32f1xx_hal.c ****   */
 234:Drivers/STM32F1xx_HAL_Driver/Src/stm32f1xx_hal.c **** __weak HAL_StatusTypeDef HAL_InitTick(uint32_t TickPriority)
 235:Drivers/STM32F1xx_HAL_Driver/Src/stm32f1xx_hal.c **** {
 112              		.loc 1 235 1 is_stmt 1 view -0
 113              		.cfi_startproc
 114              		@ args = 0, pretend = 0, frame = 0
 115              		@ frame_needed = 0, uses_anonymous_args = 0
 236:Drivers/STM32F1xx_HAL_Driver/Src/stm32f1xx_hal.c ****   /* Configure the SysTick to have interrupt in 1ms time basis*/
 237:Drivers/STM32F1xx_HAL_Driver/Src/stm32f1xx_hal.c ****   if (HAL_SYSTICK_Config(SystemCoreClock / (1000U / uwTickFreq)) > 0U)
 116              		.loc 1 237 3 view .LVU16
 235:Drivers/STM32F1xx_HAL_Driver/Src/stm32f1xx_hal.c ****   /* Configure the SysTick to have interrupt in 1ms time basis*/
 117              		.loc 1 235 1 is_stmt 0 view .LVU17
 118 0000 38B5     		push	{r3, r4, r5, lr}
 119              	.LCFI1:
 120              		.cfi_def_cfa_offset 16
 121              		.cfi_offset 3, -16
 122              		.cfi_offset 4, -12
 123              		.cfi_offset 5, -8
 124              		.cfi_offset 14, -4
 125              		.loc 1 237 51 view .LVU18
 126 0002 0E4B     		ldr	r3, .L10
 235:Drivers/STM32F1xx_HAL_Driver/Src/stm32f1xx_hal.c ****   /* Configure the SysTick to have interrupt in 1ms time basis*/
 127              		.loc 1 235 1 view .LVU19
 128 0004 0546     		mov	r5, r0
 129              		.loc 1 237 51 view .LVU20
 130 0006 1A78     		ldrb	r2, [r3]	@ zero_extendqisi2
 131 0008 4FF47A73 		mov	r3, #1000
 132 000c B3FBF2F3 		udiv	r3, r3, r2
 133              		.loc 1 237 7 view .LVU21
 134 0010 0B4A     		ldr	r2, .L10+4
 135 0012 1068     		ldr	r0, [r2]
 136              	.LVL2:
 137              		.loc 1 237 7 view .LVU22
 138 0014 B0FBF3F0 		udiv	r0, r0, r3
 139 0018 FFF7FEFF 		bl	HAL_SYSTICK_Config
 140              	.LVL3:
 141              		.loc 1 237 6 discriminator 1 view .LVU23
 142 001c 0446     		mov	r4, r0
 143 001e 58B9     		cbnz	r0, .L9
 238:Drivers/STM32F1xx_HAL_Driver/Src/stm32f1xx_hal.c ****   {
 239:Drivers/STM32F1xx_HAL_Driver/Src/stm32f1xx_hal.c ****     return HAL_ERROR;
 240:Drivers/STM32F1xx_HAL_Driver/Src/stm32f1xx_hal.c ****   }
 241:Drivers/STM32F1xx_HAL_Driver/Src/stm32f1xx_hal.c **** 
 242:Drivers/STM32F1xx_HAL_Driver/Src/stm32f1xx_hal.c ****   /* Configure the SysTick IRQ priority */
 243:Drivers/STM32F1xx_HAL_Driver/Src/stm32f1xx_hal.c ****   if (TickPriority < (1UL << __NVIC_PRIO_BITS))
 144              		.loc 1 243 3 is_stmt 1 view .LVU24
 145              		.loc 1 243 6 is_stmt 0 view .LVU25
 146 0020 0F2D     		cmp	r5, #15
 147 0022 09D8     		bhi	.L9
 148              	.LVL4:
 149              	.LBB4:
ARM GAS  /tmp/cc7kwztn.s 			page 8


 150              	.LBI4:
 234:Drivers/STM32F1xx_HAL_Driver/Src/stm32f1xx_hal.c **** {
 151              		.loc 1 234 26 is_stmt 1 view .LVU26
 152              	.LBB5:
 244:Drivers/STM32F1xx_HAL_Driver/Src/stm32f1xx_hal.c ****   {
 245:Drivers/STM32F1xx_HAL_Driver/Src/stm32f1xx_hal.c ****     HAL_NVIC_SetPriority(SysTick_IRQn, TickPriority, 0U);
 153              		.loc 1 245 5 view .LVU27
 154 0024 0246     		mov	r2, r0
 155 0026 2946     		mov	r1, r5
 156 0028 4FF0FF30 		mov	r0, #-1
 157 002c FFF7FEFF 		bl	HAL_NVIC_SetPriority
 158              	.LVL5:
 246:Drivers/STM32F1xx_HAL_Driver/Src/stm32f1xx_hal.c ****     uwTickPrio = TickPriority;
 159              		.loc 1 246 5 view .LVU28
 160              		.loc 1 246 16 is_stmt 0 view .LVU29
 161 0030 2046     		mov	r0, r4
 162 0032 044B     		ldr	r3, .L10+8
 163 0034 1D60     		str	r5, [r3]
 247:Drivers/STM32F1xx_HAL_Driver/Src/stm32f1xx_hal.c ****   }
 248:Drivers/STM32F1xx_HAL_Driver/Src/stm32f1xx_hal.c ****   else
 249:Drivers/STM32F1xx_HAL_Driver/Src/stm32f1xx_hal.c ****   {
 250:Drivers/STM32F1xx_HAL_Driver/Src/stm32f1xx_hal.c ****     return HAL_ERROR;
 251:Drivers/STM32F1xx_HAL_Driver/Src/stm32f1xx_hal.c ****   }
 252:Drivers/STM32F1xx_HAL_Driver/Src/stm32f1xx_hal.c **** 
 253:Drivers/STM32F1xx_HAL_Driver/Src/stm32f1xx_hal.c ****   /* Return function status */
 254:Drivers/STM32F1xx_HAL_Driver/Src/stm32f1xx_hal.c ****   return HAL_OK;
 164              		.loc 1 254 3 is_stmt 1 view .LVU30
 165              	.LVL6:
 166              	.L7:
 167              		.loc 1 254 3 is_stmt 0 view .LVU31
 168              	.LBE5:
 169              	.LBE4:
 255:Drivers/STM32F1xx_HAL_Driver/Src/stm32f1xx_hal.c **** }
 170              		.loc 1 255 1 view .LVU32
 171 0036 38BD     		pop	{r3, r4, r5, pc}
 172              	.LVL7:
 173              	.L9:
 239:Drivers/STM32F1xx_HAL_Driver/Src/stm32f1xx_hal.c ****   }
 174              		.loc 1 239 12 view .LVU33
 175 0038 0120     		movs	r0, #1
 176 003a FCE7     		b	.L7
 177              	.L11:
 178              		.align	2
 179              	.L10:
 180 003c 00000000 		.word	uwTickFreq
 181 0040 00000000 		.word	SystemCoreClock
 182 0044 00000000 		.word	uwTickPrio
 183              		.cfi_endproc
 184              	.LFE69:
 186              		.section	.text.HAL_Init,"ax",%progbits
 187              		.align	1
 188              		.global	HAL_Init
 189              		.syntax unified
 190              		.thumb
 191              		.thumb_func
 193              	HAL_Init:
 194              	.LFB65:
ARM GAS  /tmp/cc7kwztn.s 			page 9


 143:Drivers/STM32F1xx_HAL_Driver/Src/stm32f1xx_hal.c ****   /* Configure Flash prefetch */
 195              		.loc 1 143 1 is_stmt 1 view -0
 196              		.cfi_startproc
 197              		@ args = 0, pretend = 0, frame = 0
 198              		@ frame_needed = 0, uses_anonymous_args = 0
 152:Drivers/STM32F1xx_HAL_Driver/Src/stm32f1xx_hal.c **** #endif
 199              		.loc 1 152 3 view .LVU35
 200 0000 074A     		ldr	r2, .L13
 143:Drivers/STM32F1xx_HAL_Driver/Src/stm32f1xx_hal.c ****   /* Configure Flash prefetch */
 201              		.loc 1 143 1 is_stmt 0 view .LVU36
 202 0002 08B5     		push	{r3, lr}
 203              	.LCFI2:
 204              		.cfi_def_cfa_offset 8
 205              		.cfi_offset 3, -8
 206              		.cfi_offset 14, -4
 152:Drivers/STM32F1xx_HAL_Driver/Src/stm32f1xx_hal.c **** #endif
 207              		.loc 1 152 3 view .LVU37
 208 0004 1368     		ldr	r3, [r2]
 157:Drivers/STM32F1xx_HAL_Driver/Src/stm32f1xx_hal.c **** 
 209              		.loc 1 157 3 view .LVU38
 210 0006 0320     		movs	r0, #3
 152:Drivers/STM32F1xx_HAL_Driver/Src/stm32f1xx_hal.c **** #endif
 211              		.loc 1 152 3 view .LVU39
 212 0008 43F01003 		orr	r3, r3, #16
 213 000c 1360     		str	r3, [r2]
 157:Drivers/STM32F1xx_HAL_Driver/Src/stm32f1xx_hal.c **** 
 214              		.loc 1 157 3 is_stmt 1 view .LVU40
 215 000e FFF7FEFF 		bl	HAL_NVIC_SetPriorityGrouping
 216              	.LVL8:
 160:Drivers/STM32F1xx_HAL_Driver/Src/stm32f1xx_hal.c **** 
 217              		.loc 1 160 3 view .LVU41
 218 0012 0F20     		movs	r0, #15
 219 0014 FFF7FEFF 		bl	HAL_InitTick
 220              	.LVL9:
 163:Drivers/STM32F1xx_HAL_Driver/Src/stm32f1xx_hal.c **** 
 221              		.loc 1 163 3 view .LVU42
 222 0018 FFF7FEFF 		bl	HAL_MspInit
 223              	.LVL10:
 166:Drivers/STM32F1xx_HAL_Driver/Src/stm32f1xx_hal.c **** }
 224              		.loc 1 166 3 view .LVU43
 167:Drivers/STM32F1xx_HAL_Driver/Src/stm32f1xx_hal.c **** 
 225              		.loc 1 167 1 is_stmt 0 view .LVU44
 226 001c 0020     		movs	r0, #0
 227 001e 08BD     		pop	{r3, pc}
 228              	.L14:
 229              		.align	2
 230              	.L13:
 231 0020 00200240 		.word	1073881088
 232              		.cfi_endproc
 233              	.LFE65:
 235              		.section	.text.HAL_IncTick,"ax",%progbits
 236              		.align	1
 237              		.weak	HAL_IncTick
 238              		.syntax unified
 239              		.thumb
 240              		.thumb_func
 242              	HAL_IncTick:
ARM GAS  /tmp/cc7kwztn.s 			page 10


 243              	.LFB70:
 256:Drivers/STM32F1xx_HAL_Driver/Src/stm32f1xx_hal.c **** 
 257:Drivers/STM32F1xx_HAL_Driver/Src/stm32f1xx_hal.c **** /**
 258:Drivers/STM32F1xx_HAL_Driver/Src/stm32f1xx_hal.c ****   * @}
 259:Drivers/STM32F1xx_HAL_Driver/Src/stm32f1xx_hal.c ****   */
 260:Drivers/STM32F1xx_HAL_Driver/Src/stm32f1xx_hal.c **** 
 261:Drivers/STM32F1xx_HAL_Driver/Src/stm32f1xx_hal.c **** /** @defgroup HAL_Exported_Functions_Group2 HAL Control functions
 262:Drivers/STM32F1xx_HAL_Driver/Src/stm32f1xx_hal.c ****   *  @brief    HAL Control functions
 263:Drivers/STM32F1xx_HAL_Driver/Src/stm32f1xx_hal.c ****   *
 264:Drivers/STM32F1xx_HAL_Driver/Src/stm32f1xx_hal.c **** @verbatim
 265:Drivers/STM32F1xx_HAL_Driver/Src/stm32f1xx_hal.c ****  ===============================================================================
 266:Drivers/STM32F1xx_HAL_Driver/Src/stm32f1xx_hal.c ****                       ##### HAL Control functions #####
 267:Drivers/STM32F1xx_HAL_Driver/Src/stm32f1xx_hal.c ****  ===============================================================================
 268:Drivers/STM32F1xx_HAL_Driver/Src/stm32f1xx_hal.c ****     [..]  This section provides functions allowing to:
 269:Drivers/STM32F1xx_HAL_Driver/Src/stm32f1xx_hal.c ****       (+) Provide a tick value in millisecond
 270:Drivers/STM32F1xx_HAL_Driver/Src/stm32f1xx_hal.c ****       (+) Provide a blocking delay in millisecond
 271:Drivers/STM32F1xx_HAL_Driver/Src/stm32f1xx_hal.c ****       (+) Suspend the time base source interrupt
 272:Drivers/STM32F1xx_HAL_Driver/Src/stm32f1xx_hal.c ****       (+) Resume the time base source interrupt
 273:Drivers/STM32F1xx_HAL_Driver/Src/stm32f1xx_hal.c ****       (+) Get the HAL API driver version
 274:Drivers/STM32F1xx_HAL_Driver/Src/stm32f1xx_hal.c ****       (+) Get the device identifier
 275:Drivers/STM32F1xx_HAL_Driver/Src/stm32f1xx_hal.c ****       (+) Get the device revision identifier
 276:Drivers/STM32F1xx_HAL_Driver/Src/stm32f1xx_hal.c ****       (+) Enable/Disable Debug module during SLEEP mode
 277:Drivers/STM32F1xx_HAL_Driver/Src/stm32f1xx_hal.c ****       (+) Enable/Disable Debug module during STOP mode
 278:Drivers/STM32F1xx_HAL_Driver/Src/stm32f1xx_hal.c ****       (+) Enable/Disable Debug module during STANDBY mode
 279:Drivers/STM32F1xx_HAL_Driver/Src/stm32f1xx_hal.c **** 
 280:Drivers/STM32F1xx_HAL_Driver/Src/stm32f1xx_hal.c **** @endverbatim
 281:Drivers/STM32F1xx_HAL_Driver/Src/stm32f1xx_hal.c ****   * @{
 282:Drivers/STM32F1xx_HAL_Driver/Src/stm32f1xx_hal.c ****   */
 283:Drivers/STM32F1xx_HAL_Driver/Src/stm32f1xx_hal.c **** 
 284:Drivers/STM32F1xx_HAL_Driver/Src/stm32f1xx_hal.c **** /**
 285:Drivers/STM32F1xx_HAL_Driver/Src/stm32f1xx_hal.c ****   * @brief This function is called to increment  a global variable "uwTick"
 286:Drivers/STM32F1xx_HAL_Driver/Src/stm32f1xx_hal.c ****   *        used as application time base.
 287:Drivers/STM32F1xx_HAL_Driver/Src/stm32f1xx_hal.c ****   * @note In the default implementation, this variable is incremented each 1ms
 288:Drivers/STM32F1xx_HAL_Driver/Src/stm32f1xx_hal.c ****   *       in SysTick ISR.
 289:Drivers/STM32F1xx_HAL_Driver/Src/stm32f1xx_hal.c ****   * @note This function is declared as __weak to be overwritten in case of other
 290:Drivers/STM32F1xx_HAL_Driver/Src/stm32f1xx_hal.c ****   *      implementations in user file.
 291:Drivers/STM32F1xx_HAL_Driver/Src/stm32f1xx_hal.c ****   * @retval None
 292:Drivers/STM32F1xx_HAL_Driver/Src/stm32f1xx_hal.c ****   */
 293:Drivers/STM32F1xx_HAL_Driver/Src/stm32f1xx_hal.c **** __weak void HAL_IncTick(void)
 294:Drivers/STM32F1xx_HAL_Driver/Src/stm32f1xx_hal.c **** {
 244              		.loc 1 294 1 is_stmt 1 view -0
 245              		.cfi_startproc
 246              		@ args = 0, pretend = 0, frame = 0
 247              		@ frame_needed = 0, uses_anonymous_args = 0
 248              		@ link register save eliminated.
 295:Drivers/STM32F1xx_HAL_Driver/Src/stm32f1xx_hal.c ****   uwTick += uwTickFreq;
 249              		.loc 1 295 3 view .LVU46
 250              		.loc 1 295 10 is_stmt 0 view .LVU47
 251 0000 034A     		ldr	r2, .L16
 252 0002 044B     		ldr	r3, .L16+4
 253 0004 1168     		ldr	r1, [r2]
 254 0006 1B78     		ldrb	r3, [r3]	@ zero_extendqisi2
 255 0008 0B44     		add	r3, r3, r1
 256 000a 1360     		str	r3, [r2]
 296:Drivers/STM32F1xx_HAL_Driver/Src/stm32f1xx_hal.c **** }
 257              		.loc 1 296 1 view .LVU48
 258 000c 7047     		bx	lr
ARM GAS  /tmp/cc7kwztn.s 			page 11


 259              	.L17:
 260 000e 00BF     		.align	2
 261              	.L16:
 262 0010 00000000 		.word	uwTick
 263 0014 00000000 		.word	uwTickFreq
 264              		.cfi_endproc
 265              	.LFE70:
 267              		.section	.text.HAL_GetTick,"ax",%progbits
 268              		.align	1
 269              		.weak	HAL_GetTick
 270              		.syntax unified
 271              		.thumb
 272              		.thumb_func
 274              	HAL_GetTick:
 275              	.LFB71:
 297:Drivers/STM32F1xx_HAL_Driver/Src/stm32f1xx_hal.c **** 
 298:Drivers/STM32F1xx_HAL_Driver/Src/stm32f1xx_hal.c **** /**
 299:Drivers/STM32F1xx_HAL_Driver/Src/stm32f1xx_hal.c ****   * @brief Provides a tick value in millisecond.
 300:Drivers/STM32F1xx_HAL_Driver/Src/stm32f1xx_hal.c ****   * @note  This function is declared as __weak to be overwritten in case of other
 301:Drivers/STM32F1xx_HAL_Driver/Src/stm32f1xx_hal.c ****   *       implementations in user file.
 302:Drivers/STM32F1xx_HAL_Driver/Src/stm32f1xx_hal.c ****   * @retval tick value
 303:Drivers/STM32F1xx_HAL_Driver/Src/stm32f1xx_hal.c ****   */
 304:Drivers/STM32F1xx_HAL_Driver/Src/stm32f1xx_hal.c **** __weak uint32_t HAL_GetTick(void)
 305:Drivers/STM32F1xx_HAL_Driver/Src/stm32f1xx_hal.c **** {
 276              		.loc 1 305 1 is_stmt 1 view -0
 277              		.cfi_startproc
 278              		@ args = 0, pretend = 0, frame = 0
 279              		@ frame_needed = 0, uses_anonymous_args = 0
 280              		@ link register save eliminated.
 306:Drivers/STM32F1xx_HAL_Driver/Src/stm32f1xx_hal.c ****   return uwTick;
 281              		.loc 1 306 3 view .LVU50
 282              		.loc 1 306 10 is_stmt 0 view .LVU51
 283 0000 014B     		ldr	r3, .L19
 284 0002 1868     		ldr	r0, [r3]
 307:Drivers/STM32F1xx_HAL_Driver/Src/stm32f1xx_hal.c **** }
 285              		.loc 1 307 1 view .LVU52
 286 0004 7047     		bx	lr
 287              	.L20:
 288 0006 00BF     		.align	2
 289              	.L19:
 290 0008 00000000 		.word	uwTick
 291              		.cfi_endproc
 292              	.LFE71:
 294              		.section	.text.HAL_GetTickPrio,"ax",%progbits
 295              		.align	1
 296              		.global	HAL_GetTickPrio
 297              		.syntax unified
 298              		.thumb
 299              		.thumb_func
 301              	HAL_GetTickPrio:
 302              	.LFB72:
 308:Drivers/STM32F1xx_HAL_Driver/Src/stm32f1xx_hal.c **** 
 309:Drivers/STM32F1xx_HAL_Driver/Src/stm32f1xx_hal.c **** /**
 310:Drivers/STM32F1xx_HAL_Driver/Src/stm32f1xx_hal.c ****   * @brief This function returns a tick priority.
 311:Drivers/STM32F1xx_HAL_Driver/Src/stm32f1xx_hal.c ****   * @retval tick priority
 312:Drivers/STM32F1xx_HAL_Driver/Src/stm32f1xx_hal.c ****   */
 313:Drivers/STM32F1xx_HAL_Driver/Src/stm32f1xx_hal.c **** uint32_t HAL_GetTickPrio(void)
ARM GAS  /tmp/cc7kwztn.s 			page 12


 314:Drivers/STM32F1xx_HAL_Driver/Src/stm32f1xx_hal.c **** {
 303              		.loc 1 314 1 is_stmt 1 view -0
 304              		.cfi_startproc
 305              		@ args = 0, pretend = 0, frame = 0
 306              		@ frame_needed = 0, uses_anonymous_args = 0
 307              		@ link register save eliminated.
 315:Drivers/STM32F1xx_HAL_Driver/Src/stm32f1xx_hal.c ****   return uwTickPrio;
 308              		.loc 1 315 3 view .LVU54
 316:Drivers/STM32F1xx_HAL_Driver/Src/stm32f1xx_hal.c **** }
 309              		.loc 1 316 1 is_stmt 0 view .LVU55
 310 0000 014B     		ldr	r3, .L22
 311 0002 1868     		ldr	r0, [r3]
 312 0004 7047     		bx	lr
 313              	.L23:
 314 0006 00BF     		.align	2
 315              	.L22:
 316 0008 00000000 		.word	uwTickPrio
 317              		.cfi_endproc
 318              	.LFE72:
 320              		.section	.text.HAL_SetTickFreq,"ax",%progbits
 321              		.align	1
 322              		.global	HAL_SetTickFreq
 323              		.syntax unified
 324              		.thumb
 325              		.thumb_func
 327              	HAL_SetTickFreq:
 328              	.LVL11:
 329              	.LFB73:
 317:Drivers/STM32F1xx_HAL_Driver/Src/stm32f1xx_hal.c **** 
 318:Drivers/STM32F1xx_HAL_Driver/Src/stm32f1xx_hal.c **** /**
 319:Drivers/STM32F1xx_HAL_Driver/Src/stm32f1xx_hal.c ****   * @brief Set new tick Freq.
 320:Drivers/STM32F1xx_HAL_Driver/Src/stm32f1xx_hal.c ****   * @retval status
 321:Drivers/STM32F1xx_HAL_Driver/Src/stm32f1xx_hal.c ****   */
 322:Drivers/STM32F1xx_HAL_Driver/Src/stm32f1xx_hal.c **** HAL_StatusTypeDef HAL_SetTickFreq(HAL_TickFreqTypeDef Freq)
 323:Drivers/STM32F1xx_HAL_Driver/Src/stm32f1xx_hal.c **** {
 330              		.loc 1 323 1 is_stmt 1 view -0
 331              		.cfi_startproc
 332              		@ args = 0, pretend = 0, frame = 0
 333              		@ frame_needed = 0, uses_anonymous_args = 0
 324:Drivers/STM32F1xx_HAL_Driver/Src/stm32f1xx_hal.c ****   HAL_StatusTypeDef status  = HAL_OK;
 334              		.loc 1 324 3 view .LVU57
 325:Drivers/STM32F1xx_HAL_Driver/Src/stm32f1xx_hal.c ****   HAL_TickFreqTypeDef prevTickFreq;
 335              		.loc 1 325 3 view .LVU58
 326:Drivers/STM32F1xx_HAL_Driver/Src/stm32f1xx_hal.c **** 
 327:Drivers/STM32F1xx_HAL_Driver/Src/stm32f1xx_hal.c ****   assert_param(IS_TICKFREQ(Freq));
 336              		.loc 1 327 3 view .LVU59
 328:Drivers/STM32F1xx_HAL_Driver/Src/stm32f1xx_hal.c **** 
 329:Drivers/STM32F1xx_HAL_Driver/Src/stm32f1xx_hal.c ****   if (uwTickFreq != Freq)
 337              		.loc 1 329 3 view .LVU60
 323:Drivers/STM32F1xx_HAL_Driver/Src/stm32f1xx_hal.c ****   HAL_StatusTypeDef status  = HAL_OK;
 338              		.loc 1 323 1 is_stmt 0 view .LVU61
 339 0000 38B5     		push	{r3, r4, r5, lr}
 340              	.LCFI3:
 341              		.cfi_def_cfa_offset 16
 342              		.cfi_offset 3, -16
 343              		.cfi_offset 4, -12
 344              		.cfi_offset 5, -8
ARM GAS  /tmp/cc7kwztn.s 			page 13


 345              		.cfi_offset 14, -4
 346              		.loc 1 329 18 view .LVU62
 347 0002 074C     		ldr	r4, .L29
 348 0004 2578     		ldrb	r5, [r4]	@ zero_extendqisi2
 349              		.loc 1 329 6 view .LVU63
 350 0006 8542     		cmp	r5, r0
 351 0008 07D0     		beq	.L28
 330:Drivers/STM32F1xx_HAL_Driver/Src/stm32f1xx_hal.c ****   {
 331:Drivers/STM32F1xx_HAL_Driver/Src/stm32f1xx_hal.c ****     /* Back up uwTickFreq frequency */
 332:Drivers/STM32F1xx_HAL_Driver/Src/stm32f1xx_hal.c ****     prevTickFreq = uwTickFreq;
 352              		.loc 1 332 5 is_stmt 1 view .LVU64
 353              	.LVL12:
 333:Drivers/STM32F1xx_HAL_Driver/Src/stm32f1xx_hal.c **** 
 334:Drivers/STM32F1xx_HAL_Driver/Src/stm32f1xx_hal.c ****     /* Update uwTickFreq global variable used by HAL_InitTick() */
 335:Drivers/STM32F1xx_HAL_Driver/Src/stm32f1xx_hal.c ****     uwTickFreq = Freq;
 354              		.loc 1 335 5 view .LVU65
 336:Drivers/STM32F1xx_HAL_Driver/Src/stm32f1xx_hal.c **** 
 337:Drivers/STM32F1xx_HAL_Driver/Src/stm32f1xx_hal.c ****     /* Apply the new tick Freq  */
 338:Drivers/STM32F1xx_HAL_Driver/Src/stm32f1xx_hal.c ****     status = HAL_InitTick(uwTickPrio);
 355              		.loc 1 338 14 is_stmt 0 view .LVU66
 356 000a 064B     		ldr	r3, .L29+4
 335:Drivers/STM32F1xx_HAL_Driver/Src/stm32f1xx_hal.c **** 
 357              		.loc 1 335 16 view .LVU67
 358 000c 2070     		strb	r0, [r4]
 359              		.loc 1 338 5 is_stmt 1 view .LVU68
 360              		.loc 1 338 14 is_stmt 0 view .LVU69
 361 000e 1868     		ldr	r0, [r3]
 362              	.LVL13:
 363              		.loc 1 338 14 view .LVU70
 364 0010 FFF7FEFF 		bl	HAL_InitTick
 365              	.LVL14:
 339:Drivers/STM32F1xx_HAL_Driver/Src/stm32f1xx_hal.c **** 
 340:Drivers/STM32F1xx_HAL_Driver/Src/stm32f1xx_hal.c ****     if (status != HAL_OK)
 366              		.loc 1 340 5 is_stmt 1 view .LVU71
 367              		.loc 1 340 8 is_stmt 0 view .LVU72
 368 0014 00B1     		cbz	r0, .L25
 341:Drivers/STM32F1xx_HAL_Driver/Src/stm32f1xx_hal.c ****     {
 342:Drivers/STM32F1xx_HAL_Driver/Src/stm32f1xx_hal.c ****       /* Restore previous tick frequency */
 343:Drivers/STM32F1xx_HAL_Driver/Src/stm32f1xx_hal.c ****       uwTickFreq = prevTickFreq;
 369              		.loc 1 343 7 is_stmt 1 view .LVU73
 370              		.loc 1 343 18 is_stmt 0 view .LVU74
 371 0016 2570     		strb	r5, [r4]
 372              	.LVL15:
 373              	.L25:
 344:Drivers/STM32F1xx_HAL_Driver/Src/stm32f1xx_hal.c ****     }
 345:Drivers/STM32F1xx_HAL_Driver/Src/stm32f1xx_hal.c ****   }
 346:Drivers/STM32F1xx_HAL_Driver/Src/stm32f1xx_hal.c **** 
 347:Drivers/STM32F1xx_HAL_Driver/Src/stm32f1xx_hal.c ****   return status;
 374              		.loc 1 347 3 is_stmt 1 view .LVU75
 348:Drivers/STM32F1xx_HAL_Driver/Src/stm32f1xx_hal.c **** }
 375              		.loc 1 348 1 is_stmt 0 view .LVU76
 376 0018 38BD     		pop	{r3, r4, r5, pc}
 377              	.LVL16:
 378              	.L28:
 324:Drivers/STM32F1xx_HAL_Driver/Src/stm32f1xx_hal.c ****   HAL_TickFreqTypeDef prevTickFreq;
 379              		.loc 1 324 21 view .LVU77
 380 001a 0020     		movs	r0, #0
ARM GAS  /tmp/cc7kwztn.s 			page 14


 381              	.LVL17:
 324:Drivers/STM32F1xx_HAL_Driver/Src/stm32f1xx_hal.c ****   HAL_TickFreqTypeDef prevTickFreq;
 382              		.loc 1 324 21 view .LVU78
 383 001c FCE7     		b	.L25
 384              	.L30:
 385 001e 00BF     		.align	2
 386              	.L29:
 387 0020 00000000 		.word	uwTickFreq
 388 0024 00000000 		.word	uwTickPrio
 389              		.cfi_endproc
 390              	.LFE73:
 392              		.section	.text.HAL_GetTickFreq,"ax",%progbits
 393              		.align	1
 394              		.global	HAL_GetTickFreq
 395              		.syntax unified
 396              		.thumb
 397              		.thumb_func
 399              	HAL_GetTickFreq:
 400              	.LFB74:
 349:Drivers/STM32F1xx_HAL_Driver/Src/stm32f1xx_hal.c **** 
 350:Drivers/STM32F1xx_HAL_Driver/Src/stm32f1xx_hal.c **** /**
 351:Drivers/STM32F1xx_HAL_Driver/Src/stm32f1xx_hal.c ****   * @brief Return tick frequency.
 352:Drivers/STM32F1xx_HAL_Driver/Src/stm32f1xx_hal.c ****   * @retval Tick frequency.
 353:Drivers/STM32F1xx_HAL_Driver/Src/stm32f1xx_hal.c ****   *         Value of @ref HAL_TickFreqTypeDef.
 354:Drivers/STM32F1xx_HAL_Driver/Src/stm32f1xx_hal.c ****   */
 355:Drivers/STM32F1xx_HAL_Driver/Src/stm32f1xx_hal.c **** HAL_TickFreqTypeDef HAL_GetTickFreq(void)
 356:Drivers/STM32F1xx_HAL_Driver/Src/stm32f1xx_hal.c **** {
 401              		.loc 1 356 1 is_stmt 1 view -0
 402              		.cfi_startproc
 403              		@ args = 0, pretend = 0, frame = 0
 404              		@ frame_needed = 0, uses_anonymous_args = 0
 405              		@ link register save eliminated.
 357:Drivers/STM32F1xx_HAL_Driver/Src/stm32f1xx_hal.c ****   return uwTickFreq;
 406              		.loc 1 357 3 view .LVU80
 358:Drivers/STM32F1xx_HAL_Driver/Src/stm32f1xx_hal.c **** }
 407              		.loc 1 358 1 is_stmt 0 view .LVU81
 408 0000 014B     		ldr	r3, .L32
 409 0002 1878     		ldrb	r0, [r3]	@ zero_extendqisi2
 410 0004 7047     		bx	lr
 411              	.L33:
 412 0006 00BF     		.align	2
 413              	.L32:
 414 0008 00000000 		.word	uwTickFreq
 415              		.cfi_endproc
 416              	.LFE74:
 418              		.section	.text.HAL_Delay,"ax",%progbits
 419              		.align	1
 420              		.weak	HAL_Delay
 421              		.syntax unified
 422              		.thumb
 423              		.thumb_func
 425              	HAL_Delay:
 426              	.LVL18:
 427              	.LFB75:
 359:Drivers/STM32F1xx_HAL_Driver/Src/stm32f1xx_hal.c **** 
 360:Drivers/STM32F1xx_HAL_Driver/Src/stm32f1xx_hal.c **** /**
 361:Drivers/STM32F1xx_HAL_Driver/Src/stm32f1xx_hal.c ****   * @brief This function provides minimum delay (in milliseconds) based
ARM GAS  /tmp/cc7kwztn.s 			page 15


 362:Drivers/STM32F1xx_HAL_Driver/Src/stm32f1xx_hal.c ****   *        on variable incremented.
 363:Drivers/STM32F1xx_HAL_Driver/Src/stm32f1xx_hal.c ****   * @note In the default implementation , SysTick timer is the source of time base.
 364:Drivers/STM32F1xx_HAL_Driver/Src/stm32f1xx_hal.c ****   *       It is used to generate interrupts at regular time intervals where uwTick
 365:Drivers/STM32F1xx_HAL_Driver/Src/stm32f1xx_hal.c ****   *       is incremented.
 366:Drivers/STM32F1xx_HAL_Driver/Src/stm32f1xx_hal.c ****   * @note This function is declared as __weak to be overwritten in case of other
 367:Drivers/STM32F1xx_HAL_Driver/Src/stm32f1xx_hal.c ****   *       implementations in user file.
 368:Drivers/STM32F1xx_HAL_Driver/Src/stm32f1xx_hal.c ****   * @param Delay specifies the delay time length, in milliseconds.
 369:Drivers/STM32F1xx_HAL_Driver/Src/stm32f1xx_hal.c ****   * @retval None
 370:Drivers/STM32F1xx_HAL_Driver/Src/stm32f1xx_hal.c ****   */
 371:Drivers/STM32F1xx_HAL_Driver/Src/stm32f1xx_hal.c **** __weak void HAL_Delay(uint32_t Delay)
 372:Drivers/STM32F1xx_HAL_Driver/Src/stm32f1xx_hal.c **** {
 428              		.loc 1 372 1 is_stmt 1 view -0
 429              		.cfi_startproc
 430              		@ args = 0, pretend = 0, frame = 0
 431              		@ frame_needed = 0, uses_anonymous_args = 0
 373:Drivers/STM32F1xx_HAL_Driver/Src/stm32f1xx_hal.c ****   uint32_t tickstart = HAL_GetTick();
 432              		.loc 1 373 3 view .LVU83
 372:Drivers/STM32F1xx_HAL_Driver/Src/stm32f1xx_hal.c ****   uint32_t tickstart = HAL_GetTick();
 433              		.loc 1 372 1 is_stmt 0 view .LVU84
 434 0000 38B5     		push	{r3, r4, r5, lr}
 435              	.LCFI4:
 436              		.cfi_def_cfa_offset 16
 437              		.cfi_offset 3, -16
 438              		.cfi_offset 4, -12
 439              		.cfi_offset 5, -8
 440              		.cfi_offset 14, -4
 372:Drivers/STM32F1xx_HAL_Driver/Src/stm32f1xx_hal.c ****   uint32_t tickstart = HAL_GetTick();
 441              		.loc 1 372 1 view .LVU85
 442 0002 0446     		mov	r4, r0
 443              		.loc 1 373 24 view .LVU86
 444 0004 FFF7FEFF 		bl	HAL_GetTick
 445              	.LVL19:
 446              		.loc 1 373 24 view .LVU87
 447 0008 0546     		mov	r5, r0
 448              	.LVL20:
 374:Drivers/STM32F1xx_HAL_Driver/Src/stm32f1xx_hal.c ****   uint32_t wait = Delay;
 449              		.loc 1 374 3 is_stmt 1 view .LVU88
 375:Drivers/STM32F1xx_HAL_Driver/Src/stm32f1xx_hal.c **** 
 376:Drivers/STM32F1xx_HAL_Driver/Src/stm32f1xx_hal.c ****   /* Add a freq to guarantee minimum wait */
 377:Drivers/STM32F1xx_HAL_Driver/Src/stm32f1xx_hal.c ****   if (wait < HAL_MAX_DELAY)
 450              		.loc 1 377 3 view .LVU89
 451              		.loc 1 377 6 is_stmt 0 view .LVU90
 452 000a 631C     		adds	r3, r4, #1
 378:Drivers/STM32F1xx_HAL_Driver/Src/stm32f1xx_hal.c ****   {
 379:Drivers/STM32F1xx_HAL_Driver/Src/stm32f1xx_hal.c ****     wait += (uint32_t)(uwTickFreq);
 453              		.loc 1 379 5 is_stmt 1 view .LVU91
 454              		.loc 1 379 13 is_stmt 0 view .LVU92
 455 000c 1EBF     		ittt	ne
 456 000e 044B     		ldrne	r3, .L41
 457 0010 1B78     		ldrbne	r3, [r3]	@ zero_extendqisi2
 458              		.loc 1 379 10 view .LVU93
 459 0012 E418     		addne	r4, r4, r3
 460              	.LVL21:
 461              	.L36:
 380:Drivers/STM32F1xx_HAL_Driver/Src/stm32f1xx_hal.c ****   }
 381:Drivers/STM32F1xx_HAL_Driver/Src/stm32f1xx_hal.c **** 
 382:Drivers/STM32F1xx_HAL_Driver/Src/stm32f1xx_hal.c ****   while ((HAL_GetTick() - tickstart) < wait)
ARM GAS  /tmp/cc7kwztn.s 			page 16


 383:Drivers/STM32F1xx_HAL_Driver/Src/stm32f1xx_hal.c ****   {
 384:Drivers/STM32F1xx_HAL_Driver/Src/stm32f1xx_hal.c ****   }
 462              		.loc 1 384 3 is_stmt 1 view .LVU94
 382:Drivers/STM32F1xx_HAL_Driver/Src/stm32f1xx_hal.c ****   {
 463              		.loc 1 382 38 discriminator 1 view .LVU95
 382:Drivers/STM32F1xx_HAL_Driver/Src/stm32f1xx_hal.c ****   {
 464              		.loc 1 382 11 is_stmt 0 discriminator 1 view .LVU96
 465 0014 FFF7FEFF 		bl	HAL_GetTick
 466              	.LVL22:
 382:Drivers/STM32F1xx_HAL_Driver/Src/stm32f1xx_hal.c ****   {
 467              		.loc 1 382 25 discriminator 1 view .LVU97
 468 0018 431B     		subs	r3, r0, r5
 382:Drivers/STM32F1xx_HAL_Driver/Src/stm32f1xx_hal.c ****   {
 469              		.loc 1 382 38 discriminator 1 view .LVU98
 470 001a A342     		cmp	r3, r4
 471 001c FAD3     		bcc	.L36
 385:Drivers/STM32F1xx_HAL_Driver/Src/stm32f1xx_hal.c **** }
 472              		.loc 1 385 1 view .LVU99
 473 001e 38BD     		pop	{r3, r4, r5, pc}
 474              	.LVL23:
 475              	.L42:
 476              		.loc 1 385 1 view .LVU100
 477              		.align	2
 478              	.L41:
 479 0020 00000000 		.word	uwTickFreq
 480              		.cfi_endproc
 481              	.LFE75:
 483              		.section	.text.HAL_SuspendTick,"ax",%progbits
 484              		.align	1
 485              		.weak	HAL_SuspendTick
 486              		.syntax unified
 487              		.thumb
 488              		.thumb_func
 490              	HAL_SuspendTick:
 491              	.LFB76:
 386:Drivers/STM32F1xx_HAL_Driver/Src/stm32f1xx_hal.c **** 
 387:Drivers/STM32F1xx_HAL_Driver/Src/stm32f1xx_hal.c **** /**
 388:Drivers/STM32F1xx_HAL_Driver/Src/stm32f1xx_hal.c ****   * @brief Suspend Tick increment.
 389:Drivers/STM32F1xx_HAL_Driver/Src/stm32f1xx_hal.c ****   * @note In the default implementation , SysTick timer is the source of time base. It is
 390:Drivers/STM32F1xx_HAL_Driver/Src/stm32f1xx_hal.c ****   *       used to generate interrupts at regular time intervals. Once HAL_SuspendTick()
 391:Drivers/STM32F1xx_HAL_Driver/Src/stm32f1xx_hal.c ****   *       is called, the SysTick interrupt will be disabled and so Tick increment
 392:Drivers/STM32F1xx_HAL_Driver/Src/stm32f1xx_hal.c ****   *       is suspended.
 393:Drivers/STM32F1xx_HAL_Driver/Src/stm32f1xx_hal.c ****   * @note This function is declared as __weak to be overwritten in case of other
 394:Drivers/STM32F1xx_HAL_Driver/Src/stm32f1xx_hal.c ****   *       implementations in user file.
 395:Drivers/STM32F1xx_HAL_Driver/Src/stm32f1xx_hal.c ****   * @retval None
 396:Drivers/STM32F1xx_HAL_Driver/Src/stm32f1xx_hal.c ****   */
 397:Drivers/STM32F1xx_HAL_Driver/Src/stm32f1xx_hal.c **** __weak void HAL_SuspendTick(void)
 398:Drivers/STM32F1xx_HAL_Driver/Src/stm32f1xx_hal.c **** {
 492              		.loc 1 398 1 is_stmt 1 view -0
 493              		.cfi_startproc
 494              		@ args = 0, pretend = 0, frame = 0
 495              		@ frame_needed = 0, uses_anonymous_args = 0
 496              		@ link register save eliminated.
 399:Drivers/STM32F1xx_HAL_Driver/Src/stm32f1xx_hal.c ****   /* Disable SysTick Interrupt */
 400:Drivers/STM32F1xx_HAL_Driver/Src/stm32f1xx_hal.c ****   CLEAR_BIT(SysTick->CTRL, SysTick_CTRL_TICKINT_Msk);
 497              		.loc 1 400 3 view .LVU102
 498 0000 4FF0E022 		mov	r2, #-536813568
ARM GAS  /tmp/cc7kwztn.s 			page 17


 499 0004 1369     		ldr	r3, [r2, #16]
 500 0006 23F00203 		bic	r3, r3, #2
 501 000a 1361     		str	r3, [r2, #16]
 401:Drivers/STM32F1xx_HAL_Driver/Src/stm32f1xx_hal.c **** }
 502              		.loc 1 401 1 is_stmt 0 view .LVU103
 503 000c 7047     		bx	lr
 504              		.cfi_endproc
 505              	.LFE76:
 507              		.section	.text.HAL_ResumeTick,"ax",%progbits
 508              		.align	1
 509              		.weak	HAL_ResumeTick
 510              		.syntax unified
 511              		.thumb
 512              		.thumb_func
 514              	HAL_ResumeTick:
 515              	.LFB77:
 402:Drivers/STM32F1xx_HAL_Driver/Src/stm32f1xx_hal.c **** 
 403:Drivers/STM32F1xx_HAL_Driver/Src/stm32f1xx_hal.c **** /**
 404:Drivers/STM32F1xx_HAL_Driver/Src/stm32f1xx_hal.c ****   * @brief Resume Tick increment.
 405:Drivers/STM32F1xx_HAL_Driver/Src/stm32f1xx_hal.c ****   * @note In the default implementation , SysTick timer is the source of time base. It is
 406:Drivers/STM32F1xx_HAL_Driver/Src/stm32f1xx_hal.c ****   *       used to generate interrupts at regular time intervals. Once HAL_ResumeTick()
 407:Drivers/STM32F1xx_HAL_Driver/Src/stm32f1xx_hal.c ****   *       is called, the SysTick interrupt will be enabled and so Tick increment
 408:Drivers/STM32F1xx_HAL_Driver/Src/stm32f1xx_hal.c ****   *       is resumed.
 409:Drivers/STM32F1xx_HAL_Driver/Src/stm32f1xx_hal.c ****   * @note This function is declared as __weak to be overwritten in case of other
 410:Drivers/STM32F1xx_HAL_Driver/Src/stm32f1xx_hal.c ****   *       implementations in user file.
 411:Drivers/STM32F1xx_HAL_Driver/Src/stm32f1xx_hal.c ****   * @retval None
 412:Drivers/STM32F1xx_HAL_Driver/Src/stm32f1xx_hal.c ****   */
 413:Drivers/STM32F1xx_HAL_Driver/Src/stm32f1xx_hal.c **** __weak void HAL_ResumeTick(void)
 414:Drivers/STM32F1xx_HAL_Driver/Src/stm32f1xx_hal.c **** {
 516              		.loc 1 414 1 is_stmt 1 view -0
 517              		.cfi_startproc
 518              		@ args = 0, pretend = 0, frame = 0
 519              		@ frame_needed = 0, uses_anonymous_args = 0
 520              		@ link register save eliminated.
 415:Drivers/STM32F1xx_HAL_Driver/Src/stm32f1xx_hal.c ****   /* Enable SysTick Interrupt */
 416:Drivers/STM32F1xx_HAL_Driver/Src/stm32f1xx_hal.c ****   SET_BIT(SysTick->CTRL, SysTick_CTRL_TICKINT_Msk);
 521              		.loc 1 416 3 view .LVU105
 522 0000 4FF0E022 		mov	r2, #-536813568
 523 0004 1369     		ldr	r3, [r2, #16]
 524 0006 43F00203 		orr	r3, r3, #2
 525 000a 1361     		str	r3, [r2, #16]
 417:Drivers/STM32F1xx_HAL_Driver/Src/stm32f1xx_hal.c **** }
 526              		.loc 1 417 1 is_stmt 0 view .LVU106
 527 000c 7047     		bx	lr
 528              		.cfi_endproc
 529              	.LFE77:
 531              		.section	.text.HAL_GetHalVersion,"ax",%progbits
 532              		.align	1
 533              		.global	HAL_GetHalVersion
 534              		.syntax unified
 535              		.thumb
 536              		.thumb_func
 538              	HAL_GetHalVersion:
 539              	.LFB78:
 418:Drivers/STM32F1xx_HAL_Driver/Src/stm32f1xx_hal.c **** 
 419:Drivers/STM32F1xx_HAL_Driver/Src/stm32f1xx_hal.c **** /**
 420:Drivers/STM32F1xx_HAL_Driver/Src/stm32f1xx_hal.c ****   * @brief  Returns the HAL revision
ARM GAS  /tmp/cc7kwztn.s 			page 18


 421:Drivers/STM32F1xx_HAL_Driver/Src/stm32f1xx_hal.c ****   * @retval version 0xXYZR (8bits for each decimal, R for RC)
 422:Drivers/STM32F1xx_HAL_Driver/Src/stm32f1xx_hal.c ****   */
 423:Drivers/STM32F1xx_HAL_Driver/Src/stm32f1xx_hal.c **** uint32_t HAL_GetHalVersion(void)
 424:Drivers/STM32F1xx_HAL_Driver/Src/stm32f1xx_hal.c **** {
 540              		.loc 1 424 1 is_stmt 1 view -0
 541              		.cfi_startproc
 542              		@ args = 0, pretend = 0, frame = 0
 543              		@ frame_needed = 0, uses_anonymous_args = 0
 544              		@ link register save eliminated.
 425:Drivers/STM32F1xx_HAL_Driver/Src/stm32f1xx_hal.c ****   return __STM32F1xx_HAL_VERSION;
 545              		.loc 1 425 3 view .LVU108
 426:Drivers/STM32F1xx_HAL_Driver/Src/stm32f1xx_hal.c **** }
 546              		.loc 1 426 1 is_stmt 0 view .LVU109
 547 0000 0048     		ldr	r0, .L46
 548 0002 7047     		bx	lr
 549              	.L47:
 550              		.align	2
 551              	.L46:
 552 0004 00090101 		.word	16845056
 553              		.cfi_endproc
 554              	.LFE78:
 556              		.section	.text.HAL_GetREVID,"ax",%progbits
 557              		.align	1
 558              		.global	HAL_GetREVID
 559              		.syntax unified
 560              		.thumb
 561              		.thumb_func
 563              	HAL_GetREVID:
 564              	.LFB79:
 427:Drivers/STM32F1xx_HAL_Driver/Src/stm32f1xx_hal.c **** 
 428:Drivers/STM32F1xx_HAL_Driver/Src/stm32f1xx_hal.c **** /**
 429:Drivers/STM32F1xx_HAL_Driver/Src/stm32f1xx_hal.c ****   * @brief Returns the device revision identifier.
 430:Drivers/STM32F1xx_HAL_Driver/Src/stm32f1xx_hal.c ****   * Note: On devices STM32F10xx8 and STM32F10xxB,
 431:Drivers/STM32F1xx_HAL_Driver/Src/stm32f1xx_hal.c ****   *                  STM32F101xC/D/E and STM32F103xC/D/E,
 432:Drivers/STM32F1xx_HAL_Driver/Src/stm32f1xx_hal.c ****   *                  STM32F101xF/G and STM32F103xF/G
 433:Drivers/STM32F1xx_HAL_Driver/Src/stm32f1xx_hal.c ****   *                  STM32F10xx4 and STM32F10xx6
 434:Drivers/STM32F1xx_HAL_Driver/Src/stm32f1xx_hal.c ****   *       Debug registers DBGMCU_IDCODE and DBGMCU_CR are accessible only in
 435:Drivers/STM32F1xx_HAL_Driver/Src/stm32f1xx_hal.c ****   *       debug mode (not accessible by the user software in normal mode).
 436:Drivers/STM32F1xx_HAL_Driver/Src/stm32f1xx_hal.c ****   *       Refer to errata sheet of these devices for more details.
 437:Drivers/STM32F1xx_HAL_Driver/Src/stm32f1xx_hal.c ****   * @retval Device revision identifier
 438:Drivers/STM32F1xx_HAL_Driver/Src/stm32f1xx_hal.c ****   */
 439:Drivers/STM32F1xx_HAL_Driver/Src/stm32f1xx_hal.c **** uint32_t HAL_GetREVID(void)
 440:Drivers/STM32F1xx_HAL_Driver/Src/stm32f1xx_hal.c **** {
 565              		.loc 1 440 1 is_stmt 1 view -0
 566              		.cfi_startproc
 567              		@ args = 0, pretend = 0, frame = 0
 568              		@ frame_needed = 0, uses_anonymous_args = 0
 569              		@ link register save eliminated.
 441:Drivers/STM32F1xx_HAL_Driver/Src/stm32f1xx_hal.c ****   return ((DBGMCU->IDCODE) >> DBGMCU_IDCODE_REV_ID_Pos);
 570              		.loc 1 441 3 view .LVU111
 571              		.loc 1 441 18 is_stmt 0 view .LVU112
 572 0000 014B     		ldr	r3, .L49
 573 0002 1868     		ldr	r0, [r3]
 442:Drivers/STM32F1xx_HAL_Driver/Src/stm32f1xx_hal.c **** }
 574              		.loc 1 442 1 view .LVU113
 575 0004 000C     		lsrs	r0, r0, #16
 576 0006 7047     		bx	lr
ARM GAS  /tmp/cc7kwztn.s 			page 19


 577              	.L50:
 578              		.align	2
 579              	.L49:
 580 0008 002004E0 		.word	-536600576
 581              		.cfi_endproc
 582              	.LFE79:
 584              		.section	.text.HAL_GetDEVID,"ax",%progbits
 585              		.align	1
 586              		.global	HAL_GetDEVID
 587              		.syntax unified
 588              		.thumb
 589              		.thumb_func
 591              	HAL_GetDEVID:
 592              	.LFB80:
 443:Drivers/STM32F1xx_HAL_Driver/Src/stm32f1xx_hal.c **** 
 444:Drivers/STM32F1xx_HAL_Driver/Src/stm32f1xx_hal.c **** /**
 445:Drivers/STM32F1xx_HAL_Driver/Src/stm32f1xx_hal.c ****   * @brief  Returns the device identifier.
 446:Drivers/STM32F1xx_HAL_Driver/Src/stm32f1xx_hal.c ****   * Note: On devices STM32F10xx8 and STM32F10xxB,
 447:Drivers/STM32F1xx_HAL_Driver/Src/stm32f1xx_hal.c ****   *                  STM32F101xC/D/E and STM32F103xC/D/E,
 448:Drivers/STM32F1xx_HAL_Driver/Src/stm32f1xx_hal.c ****   *                  STM32F101xF/G and STM32F103xF/G
 449:Drivers/STM32F1xx_HAL_Driver/Src/stm32f1xx_hal.c ****   *                  STM32F10xx4 and STM32F10xx6
 450:Drivers/STM32F1xx_HAL_Driver/Src/stm32f1xx_hal.c ****   *       Debug registers DBGMCU_IDCODE and DBGMCU_CR are accessible only in
 451:Drivers/STM32F1xx_HAL_Driver/Src/stm32f1xx_hal.c ****   *       debug mode (not accessible by the user software in normal mode).
 452:Drivers/STM32F1xx_HAL_Driver/Src/stm32f1xx_hal.c ****   *       Refer to errata sheet of these devices for more details.
 453:Drivers/STM32F1xx_HAL_Driver/Src/stm32f1xx_hal.c ****   * @retval Device identifier
 454:Drivers/STM32F1xx_HAL_Driver/Src/stm32f1xx_hal.c ****   */
 455:Drivers/STM32F1xx_HAL_Driver/Src/stm32f1xx_hal.c **** uint32_t HAL_GetDEVID(void)
 456:Drivers/STM32F1xx_HAL_Driver/Src/stm32f1xx_hal.c **** {
 593              		.loc 1 456 1 is_stmt 1 view -0
 594              		.cfi_startproc
 595              		@ args = 0, pretend = 0, frame = 0
 596              		@ frame_needed = 0, uses_anonymous_args = 0
 597              		@ link register save eliminated.
 457:Drivers/STM32F1xx_HAL_Driver/Src/stm32f1xx_hal.c ****   return ((DBGMCU->IDCODE) & IDCODE_DEVID_MASK);
 598              		.loc 1 457 3 view .LVU115
 599              		.loc 1 457 18 is_stmt 0 view .LVU116
 600 0000 024B     		ldr	r3, .L52
 601 0002 1868     		ldr	r0, [r3]
 458:Drivers/STM32F1xx_HAL_Driver/Src/stm32f1xx_hal.c **** }
 602              		.loc 1 458 1 view .LVU117
 603 0004 C0F30B00 		ubfx	r0, r0, #0, #12
 604 0008 7047     		bx	lr
 605              	.L53:
 606 000a 00BF     		.align	2
 607              	.L52:
 608 000c 002004E0 		.word	-536600576
 609              		.cfi_endproc
 610              	.LFE80:
 612              		.section	.text.HAL_GetUIDw0,"ax",%progbits
 613              		.align	1
 614              		.global	HAL_GetUIDw0
 615              		.syntax unified
 616              		.thumb
 617              		.thumb_func
 619              	HAL_GetUIDw0:
 620              	.LFB81:
 459:Drivers/STM32F1xx_HAL_Driver/Src/stm32f1xx_hal.c **** 
ARM GAS  /tmp/cc7kwztn.s 			page 20


 460:Drivers/STM32F1xx_HAL_Driver/Src/stm32f1xx_hal.c **** /**
 461:Drivers/STM32F1xx_HAL_Driver/Src/stm32f1xx_hal.c ****   * @brief  Returns first word of the unique device identifier (UID based on 96 bits)
 462:Drivers/STM32F1xx_HAL_Driver/Src/stm32f1xx_hal.c ****   * @retval Device identifier
 463:Drivers/STM32F1xx_HAL_Driver/Src/stm32f1xx_hal.c ****   */
 464:Drivers/STM32F1xx_HAL_Driver/Src/stm32f1xx_hal.c **** uint32_t HAL_GetUIDw0(void)
 465:Drivers/STM32F1xx_HAL_Driver/Src/stm32f1xx_hal.c **** {
 621              		.loc 1 465 1 is_stmt 1 view -0
 622              		.cfi_startproc
 623              		@ args = 0, pretend = 0, frame = 0
 624              		@ frame_needed = 0, uses_anonymous_args = 0
 625              		@ link register save eliminated.
 466:Drivers/STM32F1xx_HAL_Driver/Src/stm32f1xx_hal.c ****    return(READ_REG(*((uint32_t *)UID_BASE)));
 626              		.loc 1 466 4 view .LVU119
 467:Drivers/STM32F1xx_HAL_Driver/Src/stm32f1xx_hal.c **** }
 627              		.loc 1 467 1 is_stmt 0 view .LVU120
 628 0000 014B     		ldr	r3, .L55
 629 0002 D3F8E807 		ldr	r0, [r3, #2024]
 630 0006 7047     		bx	lr
 631              	.L56:
 632              		.align	2
 633              	.L55:
 634 0008 00F0FF1F 		.word	536866816
 635              		.cfi_endproc
 636              	.LFE81:
 638              		.section	.text.HAL_GetUIDw1,"ax",%progbits
 639              		.align	1
 640              		.global	HAL_GetUIDw1
 641              		.syntax unified
 642              		.thumb
 643              		.thumb_func
 645              	HAL_GetUIDw1:
 646              	.LFB82:
 468:Drivers/STM32F1xx_HAL_Driver/Src/stm32f1xx_hal.c **** 
 469:Drivers/STM32F1xx_HAL_Driver/Src/stm32f1xx_hal.c **** /**
 470:Drivers/STM32F1xx_HAL_Driver/Src/stm32f1xx_hal.c ****   * @brief  Returns second word of the unique device identifier (UID based on 96 bits)
 471:Drivers/STM32F1xx_HAL_Driver/Src/stm32f1xx_hal.c ****   * @retval Device identifier
 472:Drivers/STM32F1xx_HAL_Driver/Src/stm32f1xx_hal.c ****   */
 473:Drivers/STM32F1xx_HAL_Driver/Src/stm32f1xx_hal.c **** uint32_t HAL_GetUIDw1(void)
 474:Drivers/STM32F1xx_HAL_Driver/Src/stm32f1xx_hal.c **** {
 647              		.loc 1 474 1 is_stmt 1 view -0
 648              		.cfi_startproc
 649              		@ args = 0, pretend = 0, frame = 0
 650              		@ frame_needed = 0, uses_anonymous_args = 0
 651              		@ link register save eliminated.
 475:Drivers/STM32F1xx_HAL_Driver/Src/stm32f1xx_hal.c ****    return(READ_REG(*((uint32_t *)(UID_BASE + 4U))));
 652              		.loc 1 475 4 view .LVU122
 476:Drivers/STM32F1xx_HAL_Driver/Src/stm32f1xx_hal.c **** }
 653              		.loc 1 476 1 is_stmt 0 view .LVU123
 654 0000 014B     		ldr	r3, .L58
 655 0002 D3F8EC07 		ldr	r0, [r3, #2028]
 656 0006 7047     		bx	lr
 657              	.L59:
 658              		.align	2
 659              	.L58:
 660 0008 00F0FF1F 		.word	536866816
 661              		.cfi_endproc
 662              	.LFE82:
ARM GAS  /tmp/cc7kwztn.s 			page 21


 664              		.section	.text.HAL_GetUIDw2,"ax",%progbits
 665              		.align	1
 666              		.global	HAL_GetUIDw2
 667              		.syntax unified
 668              		.thumb
 669              		.thumb_func
 671              	HAL_GetUIDw2:
 672              	.LFB83:
 477:Drivers/STM32F1xx_HAL_Driver/Src/stm32f1xx_hal.c **** 
 478:Drivers/STM32F1xx_HAL_Driver/Src/stm32f1xx_hal.c **** /**
 479:Drivers/STM32F1xx_HAL_Driver/Src/stm32f1xx_hal.c ****   * @brief  Returns third word of the unique device identifier (UID based on 96 bits)
 480:Drivers/STM32F1xx_HAL_Driver/Src/stm32f1xx_hal.c ****   * @retval Device identifier
 481:Drivers/STM32F1xx_HAL_Driver/Src/stm32f1xx_hal.c ****   */
 482:Drivers/STM32F1xx_HAL_Driver/Src/stm32f1xx_hal.c **** uint32_t HAL_GetUIDw2(void)
 483:Drivers/STM32F1xx_HAL_Driver/Src/stm32f1xx_hal.c **** {
 673              		.loc 1 483 1 is_stmt 1 view -0
 674              		.cfi_startproc
 675              		@ args = 0, pretend = 0, frame = 0
 676              		@ frame_needed = 0, uses_anonymous_args = 0
 677              		@ link register save eliminated.
 484:Drivers/STM32F1xx_HAL_Driver/Src/stm32f1xx_hal.c ****    return(READ_REG(*((uint32_t *)(UID_BASE + 8U))));
 678              		.loc 1 484 4 view .LVU125
 485:Drivers/STM32F1xx_HAL_Driver/Src/stm32f1xx_hal.c **** }
 679              		.loc 1 485 1 is_stmt 0 view .LVU126
 680 0000 014B     		ldr	r3, .L61
 681 0002 D3F8F007 		ldr	r0, [r3, #2032]
 682 0006 7047     		bx	lr
 683              	.L62:
 684              		.align	2
 685              	.L61:
 686 0008 00F0FF1F 		.word	536866816
 687              		.cfi_endproc
 688              	.LFE83:
 690              		.section	.text.HAL_DBGMCU_EnableDBGSleepMode,"ax",%progbits
 691              		.align	1
 692              		.global	HAL_DBGMCU_EnableDBGSleepMode
 693              		.syntax unified
 694              		.thumb
 695              		.thumb_func
 697              	HAL_DBGMCU_EnableDBGSleepMode:
 698              	.LFB84:
 486:Drivers/STM32F1xx_HAL_Driver/Src/stm32f1xx_hal.c **** 
 487:Drivers/STM32F1xx_HAL_Driver/Src/stm32f1xx_hal.c **** /**
 488:Drivers/STM32F1xx_HAL_Driver/Src/stm32f1xx_hal.c ****   * @brief  Enable the Debug Module during SLEEP mode
 489:Drivers/STM32F1xx_HAL_Driver/Src/stm32f1xx_hal.c ****   * @retval None
 490:Drivers/STM32F1xx_HAL_Driver/Src/stm32f1xx_hal.c ****   */
 491:Drivers/STM32F1xx_HAL_Driver/Src/stm32f1xx_hal.c **** void HAL_DBGMCU_EnableDBGSleepMode(void)
 492:Drivers/STM32F1xx_HAL_Driver/Src/stm32f1xx_hal.c **** {
 699              		.loc 1 492 1 is_stmt 1 view -0
 700              		.cfi_startproc
 701              		@ args = 0, pretend = 0, frame = 0
 702              		@ frame_needed = 0, uses_anonymous_args = 0
 703              		@ link register save eliminated.
 493:Drivers/STM32F1xx_HAL_Driver/Src/stm32f1xx_hal.c ****   SET_BIT(DBGMCU->CR, DBGMCU_CR_DBG_SLEEP);
 704              		.loc 1 493 3 view .LVU128
 705 0000 024A     		ldr	r2, .L64
 706 0002 5368     		ldr	r3, [r2, #4]
ARM GAS  /tmp/cc7kwztn.s 			page 22


 707 0004 43F00103 		orr	r3, r3, #1
 708 0008 5360     		str	r3, [r2, #4]
 494:Drivers/STM32F1xx_HAL_Driver/Src/stm32f1xx_hal.c **** }
 709              		.loc 1 494 1 is_stmt 0 view .LVU129
 710 000a 7047     		bx	lr
 711              	.L65:
 712              		.align	2
 713              	.L64:
 714 000c 002004E0 		.word	-536600576
 715              		.cfi_endproc
 716              	.LFE84:
 718              		.section	.text.HAL_DBGMCU_DisableDBGSleepMode,"ax",%progbits
 719              		.align	1
 720              		.global	HAL_DBGMCU_DisableDBGSleepMode
 721              		.syntax unified
 722              		.thumb
 723              		.thumb_func
 725              	HAL_DBGMCU_DisableDBGSleepMode:
 726              	.LFB85:
 495:Drivers/STM32F1xx_HAL_Driver/Src/stm32f1xx_hal.c **** 
 496:Drivers/STM32F1xx_HAL_Driver/Src/stm32f1xx_hal.c **** /**
 497:Drivers/STM32F1xx_HAL_Driver/Src/stm32f1xx_hal.c ****   * @brief  Disable the Debug Module during SLEEP mode
 498:Drivers/STM32F1xx_HAL_Driver/Src/stm32f1xx_hal.c ****   * Note: On devices STM32F10xx8 and STM32F10xxB,
 499:Drivers/STM32F1xx_HAL_Driver/Src/stm32f1xx_hal.c ****   *                  STM32F101xC/D/E and STM32F103xC/D/E,
 500:Drivers/STM32F1xx_HAL_Driver/Src/stm32f1xx_hal.c ****   *                  STM32F101xF/G and STM32F103xF/G
 501:Drivers/STM32F1xx_HAL_Driver/Src/stm32f1xx_hal.c ****   *                  STM32F10xx4 and STM32F10xx6
 502:Drivers/STM32F1xx_HAL_Driver/Src/stm32f1xx_hal.c ****   *       Debug registers DBGMCU_IDCODE and DBGMCU_CR are accessible only in
 503:Drivers/STM32F1xx_HAL_Driver/Src/stm32f1xx_hal.c ****   *       debug mode (not accessible by the user software in normal mode).
 504:Drivers/STM32F1xx_HAL_Driver/Src/stm32f1xx_hal.c ****   *       Refer to errata sheet of these devices for more details.
 505:Drivers/STM32F1xx_HAL_Driver/Src/stm32f1xx_hal.c ****   * @retval None
 506:Drivers/STM32F1xx_HAL_Driver/Src/stm32f1xx_hal.c ****   */
 507:Drivers/STM32F1xx_HAL_Driver/Src/stm32f1xx_hal.c **** void HAL_DBGMCU_DisableDBGSleepMode(void)
 508:Drivers/STM32F1xx_HAL_Driver/Src/stm32f1xx_hal.c **** {
 727              		.loc 1 508 1 is_stmt 1 view -0
 728              		.cfi_startproc
 729              		@ args = 0, pretend = 0, frame = 0
 730              		@ frame_needed = 0, uses_anonymous_args = 0
 731              		@ link register save eliminated.
 509:Drivers/STM32F1xx_HAL_Driver/Src/stm32f1xx_hal.c ****   CLEAR_BIT(DBGMCU->CR, DBGMCU_CR_DBG_SLEEP);
 732              		.loc 1 509 3 view .LVU131
 733 0000 024A     		ldr	r2, .L67
 734 0002 5368     		ldr	r3, [r2, #4]
 735 0004 23F00103 		bic	r3, r3, #1
 736 0008 5360     		str	r3, [r2, #4]
 510:Drivers/STM32F1xx_HAL_Driver/Src/stm32f1xx_hal.c **** }
 737              		.loc 1 510 1 is_stmt 0 view .LVU132
 738 000a 7047     		bx	lr
 739              	.L68:
 740              		.align	2
 741              	.L67:
 742 000c 002004E0 		.word	-536600576
 743              		.cfi_endproc
 744              	.LFE85:
 746              		.section	.text.HAL_DBGMCU_EnableDBGStopMode,"ax",%progbits
 747              		.align	1
 748              		.global	HAL_DBGMCU_EnableDBGStopMode
 749              		.syntax unified
ARM GAS  /tmp/cc7kwztn.s 			page 23


 750              		.thumb
 751              		.thumb_func
 753              	HAL_DBGMCU_EnableDBGStopMode:
 754              	.LFB86:
 511:Drivers/STM32F1xx_HAL_Driver/Src/stm32f1xx_hal.c **** 
 512:Drivers/STM32F1xx_HAL_Driver/Src/stm32f1xx_hal.c **** /**
 513:Drivers/STM32F1xx_HAL_Driver/Src/stm32f1xx_hal.c ****   * @brief  Enable the Debug Module during STOP mode
 514:Drivers/STM32F1xx_HAL_Driver/Src/stm32f1xx_hal.c ****   * Note: On devices STM32F10xx8 and STM32F10xxB,
 515:Drivers/STM32F1xx_HAL_Driver/Src/stm32f1xx_hal.c ****   *                  STM32F101xC/D/E and STM32F103xC/D/E,
 516:Drivers/STM32F1xx_HAL_Driver/Src/stm32f1xx_hal.c ****   *                  STM32F101xF/G and STM32F103xF/G
 517:Drivers/STM32F1xx_HAL_Driver/Src/stm32f1xx_hal.c ****   *                  STM32F10xx4 and STM32F10xx6
 518:Drivers/STM32F1xx_HAL_Driver/Src/stm32f1xx_hal.c ****   *       Debug registers DBGMCU_IDCODE and DBGMCU_CR are accessible only in
 519:Drivers/STM32F1xx_HAL_Driver/Src/stm32f1xx_hal.c ****   *       debug mode (not accessible by the user software in normal mode).
 520:Drivers/STM32F1xx_HAL_Driver/Src/stm32f1xx_hal.c ****   *       Refer to errata sheet of these devices for more details.
 521:Drivers/STM32F1xx_HAL_Driver/Src/stm32f1xx_hal.c ****   * Note: On all STM32F1 devices:
 522:Drivers/STM32F1xx_HAL_Driver/Src/stm32f1xx_hal.c ****   *       If the system tick timer interrupt is enabled during the Stop mode
 523:Drivers/STM32F1xx_HAL_Driver/Src/stm32f1xx_hal.c ****   *       debug (DBG_STOP bit set in the DBGMCU_CR register ), it will wakeup
 524:Drivers/STM32F1xx_HAL_Driver/Src/stm32f1xx_hal.c ****   *       the system from Stop mode.
 525:Drivers/STM32F1xx_HAL_Driver/Src/stm32f1xx_hal.c ****   *       Workaround: To debug the Stop mode, disable the system tick timer
 526:Drivers/STM32F1xx_HAL_Driver/Src/stm32f1xx_hal.c ****   *       interrupt.
 527:Drivers/STM32F1xx_HAL_Driver/Src/stm32f1xx_hal.c ****   *       Refer to errata sheet of these devices for more details.
 528:Drivers/STM32F1xx_HAL_Driver/Src/stm32f1xx_hal.c ****   * Note: On all STM32F1 devices:
 529:Drivers/STM32F1xx_HAL_Driver/Src/stm32f1xx_hal.c ****   *       If the system tick timer interrupt is enabled during the Stop mode
 530:Drivers/STM32F1xx_HAL_Driver/Src/stm32f1xx_hal.c ****   *       debug (DBG_STOP bit set in the DBGMCU_CR register ), it will wakeup
 531:Drivers/STM32F1xx_HAL_Driver/Src/stm32f1xx_hal.c ****   *       the system from Stop mode.
 532:Drivers/STM32F1xx_HAL_Driver/Src/stm32f1xx_hal.c ****   *       Workaround: To debug the Stop mode, disable the system tick timer
 533:Drivers/STM32F1xx_HAL_Driver/Src/stm32f1xx_hal.c ****   *       interrupt.
 534:Drivers/STM32F1xx_HAL_Driver/Src/stm32f1xx_hal.c ****   *       Refer to errata sheet of these devices for more details.
 535:Drivers/STM32F1xx_HAL_Driver/Src/stm32f1xx_hal.c ****   * @retval None
 536:Drivers/STM32F1xx_HAL_Driver/Src/stm32f1xx_hal.c ****   */
 537:Drivers/STM32F1xx_HAL_Driver/Src/stm32f1xx_hal.c **** void HAL_DBGMCU_EnableDBGStopMode(void)
 538:Drivers/STM32F1xx_HAL_Driver/Src/stm32f1xx_hal.c **** {
 755              		.loc 1 538 1 is_stmt 1 view -0
 756              		.cfi_startproc
 757              		@ args = 0, pretend = 0, frame = 0
 758              		@ frame_needed = 0, uses_anonymous_args = 0
 759              		@ link register save eliminated.
 539:Drivers/STM32F1xx_HAL_Driver/Src/stm32f1xx_hal.c ****   SET_BIT(DBGMCU->CR, DBGMCU_CR_DBG_STOP);
 760              		.loc 1 539 3 view .LVU134
 761 0000 024A     		ldr	r2, .L70
 762 0002 5368     		ldr	r3, [r2, #4]
 763 0004 43F00203 		orr	r3, r3, #2
 764 0008 5360     		str	r3, [r2, #4]
 540:Drivers/STM32F1xx_HAL_Driver/Src/stm32f1xx_hal.c **** }
 765              		.loc 1 540 1 is_stmt 0 view .LVU135
 766 000a 7047     		bx	lr
 767              	.L71:
 768              		.align	2
 769              	.L70:
 770 000c 002004E0 		.word	-536600576
 771              		.cfi_endproc
 772              	.LFE86:
 774              		.section	.text.HAL_DBGMCU_DisableDBGStopMode,"ax",%progbits
 775              		.align	1
 776              		.global	HAL_DBGMCU_DisableDBGStopMode
 777              		.syntax unified
 778              		.thumb
ARM GAS  /tmp/cc7kwztn.s 			page 24


 779              		.thumb_func
 781              	HAL_DBGMCU_DisableDBGStopMode:
 782              	.LFB87:
 541:Drivers/STM32F1xx_HAL_Driver/Src/stm32f1xx_hal.c **** 
 542:Drivers/STM32F1xx_HAL_Driver/Src/stm32f1xx_hal.c **** /**
 543:Drivers/STM32F1xx_HAL_Driver/Src/stm32f1xx_hal.c ****   * @brief  Disable the Debug Module during STOP mode
 544:Drivers/STM32F1xx_HAL_Driver/Src/stm32f1xx_hal.c ****   * Note: On devices STM32F10xx8 and STM32F10xxB,
 545:Drivers/STM32F1xx_HAL_Driver/Src/stm32f1xx_hal.c ****   *                  STM32F101xC/D/E and STM32F103xC/D/E,
 546:Drivers/STM32F1xx_HAL_Driver/Src/stm32f1xx_hal.c ****   *                  STM32F101xF/G and STM32F103xF/G
 547:Drivers/STM32F1xx_HAL_Driver/Src/stm32f1xx_hal.c ****   *                  STM32F10xx4 and STM32F10xx6
 548:Drivers/STM32F1xx_HAL_Driver/Src/stm32f1xx_hal.c ****   *       Debug registers DBGMCU_IDCODE and DBGMCU_CR are accessible only in
 549:Drivers/STM32F1xx_HAL_Driver/Src/stm32f1xx_hal.c ****   *       debug mode (not accessible by the user software in normal mode).
 550:Drivers/STM32F1xx_HAL_Driver/Src/stm32f1xx_hal.c ****   *       Refer to errata sheet of these devices for more details.
 551:Drivers/STM32F1xx_HAL_Driver/Src/stm32f1xx_hal.c ****   * @retval None
 552:Drivers/STM32F1xx_HAL_Driver/Src/stm32f1xx_hal.c ****   */
 553:Drivers/STM32F1xx_HAL_Driver/Src/stm32f1xx_hal.c **** void HAL_DBGMCU_DisableDBGStopMode(void)
 554:Drivers/STM32F1xx_HAL_Driver/Src/stm32f1xx_hal.c **** {
 783              		.loc 1 554 1 is_stmt 1 view -0
 784              		.cfi_startproc
 785              		@ args = 0, pretend = 0, frame = 0
 786              		@ frame_needed = 0, uses_anonymous_args = 0
 787              		@ link register save eliminated.
 555:Drivers/STM32F1xx_HAL_Driver/Src/stm32f1xx_hal.c ****   CLEAR_BIT(DBGMCU->CR, DBGMCU_CR_DBG_STOP);
 788              		.loc 1 555 3 view .LVU137
 789 0000 024A     		ldr	r2, .L73
 790 0002 5368     		ldr	r3, [r2, #4]
 791 0004 23F00203 		bic	r3, r3, #2
 792 0008 5360     		str	r3, [r2, #4]
 556:Drivers/STM32F1xx_HAL_Driver/Src/stm32f1xx_hal.c **** }
 793              		.loc 1 556 1 is_stmt 0 view .LVU138
 794 000a 7047     		bx	lr
 795              	.L74:
 796              		.align	2
 797              	.L73:
 798 000c 002004E0 		.word	-536600576
 799              		.cfi_endproc
 800              	.LFE87:
 802              		.section	.text.HAL_DBGMCU_EnableDBGStandbyMode,"ax",%progbits
 803              		.align	1
 804              		.global	HAL_DBGMCU_EnableDBGStandbyMode
 805              		.syntax unified
 806              		.thumb
 807              		.thumb_func
 809              	HAL_DBGMCU_EnableDBGStandbyMode:
 810              	.LFB88:
 557:Drivers/STM32F1xx_HAL_Driver/Src/stm32f1xx_hal.c **** 
 558:Drivers/STM32F1xx_HAL_Driver/Src/stm32f1xx_hal.c **** /**
 559:Drivers/STM32F1xx_HAL_Driver/Src/stm32f1xx_hal.c ****   * @brief  Enable the Debug Module during STANDBY mode
 560:Drivers/STM32F1xx_HAL_Driver/Src/stm32f1xx_hal.c ****   * Note: On devices STM32F10xx8 and STM32F10xxB,
 561:Drivers/STM32F1xx_HAL_Driver/Src/stm32f1xx_hal.c ****   *                  STM32F101xC/D/E and STM32F103xC/D/E,
 562:Drivers/STM32F1xx_HAL_Driver/Src/stm32f1xx_hal.c ****   *                  STM32F101xF/G and STM32F103xF/G
 563:Drivers/STM32F1xx_HAL_Driver/Src/stm32f1xx_hal.c ****   *                  STM32F10xx4 and STM32F10xx6
 564:Drivers/STM32F1xx_HAL_Driver/Src/stm32f1xx_hal.c ****   *       Debug registers DBGMCU_IDCODE and DBGMCU_CR are accessible only in
 565:Drivers/STM32F1xx_HAL_Driver/Src/stm32f1xx_hal.c ****   *       debug mode (not accessible by the user software in normal mode).
 566:Drivers/STM32F1xx_HAL_Driver/Src/stm32f1xx_hal.c ****   *       Refer to errata sheet of these devices for more details.
 567:Drivers/STM32F1xx_HAL_Driver/Src/stm32f1xx_hal.c ****   * @retval None
 568:Drivers/STM32F1xx_HAL_Driver/Src/stm32f1xx_hal.c ****   */
ARM GAS  /tmp/cc7kwztn.s 			page 25


 569:Drivers/STM32F1xx_HAL_Driver/Src/stm32f1xx_hal.c **** void HAL_DBGMCU_EnableDBGStandbyMode(void)
 570:Drivers/STM32F1xx_HAL_Driver/Src/stm32f1xx_hal.c **** {
 811              		.loc 1 570 1 is_stmt 1 view -0
 812              		.cfi_startproc
 813              		@ args = 0, pretend = 0, frame = 0
 814              		@ frame_needed = 0, uses_anonymous_args = 0
 815              		@ link register save eliminated.
 571:Drivers/STM32F1xx_HAL_Driver/Src/stm32f1xx_hal.c ****   SET_BIT(DBGMCU->CR, DBGMCU_CR_DBG_STANDBY);
 816              		.loc 1 571 3 view .LVU140
 817 0000 024A     		ldr	r2, .L76
 818 0002 5368     		ldr	r3, [r2, #4]
 819 0004 43F00403 		orr	r3, r3, #4
 820 0008 5360     		str	r3, [r2, #4]
 572:Drivers/STM32F1xx_HAL_Driver/Src/stm32f1xx_hal.c **** }
 821              		.loc 1 572 1 is_stmt 0 view .LVU141
 822 000a 7047     		bx	lr
 823              	.L77:
 824              		.align	2
 825              	.L76:
 826 000c 002004E0 		.word	-536600576
 827              		.cfi_endproc
 828              	.LFE88:
 830              		.section	.text.HAL_DBGMCU_DisableDBGStandbyMode,"ax",%progbits
 831              		.align	1
 832              		.global	HAL_DBGMCU_DisableDBGStandbyMode
 833              		.syntax unified
 834              		.thumb
 835              		.thumb_func
 837              	HAL_DBGMCU_DisableDBGStandbyMode:
 838              	.LFB89:
 573:Drivers/STM32F1xx_HAL_Driver/Src/stm32f1xx_hal.c **** 
 574:Drivers/STM32F1xx_HAL_Driver/Src/stm32f1xx_hal.c **** /**
 575:Drivers/STM32F1xx_HAL_Driver/Src/stm32f1xx_hal.c ****   * @brief  Disable the Debug Module during STANDBY mode
 576:Drivers/STM32F1xx_HAL_Driver/Src/stm32f1xx_hal.c ****   * Note: On devices STM32F10xx8 and STM32F10xxB,
 577:Drivers/STM32F1xx_HAL_Driver/Src/stm32f1xx_hal.c ****   *                  STM32F101xC/D/E and STM32F103xC/D/E,
 578:Drivers/STM32F1xx_HAL_Driver/Src/stm32f1xx_hal.c ****   *                  STM32F101xF/G and STM32F103xF/G
 579:Drivers/STM32F1xx_HAL_Driver/Src/stm32f1xx_hal.c ****   *                  STM32F10xx4 and STM32F10xx6
 580:Drivers/STM32F1xx_HAL_Driver/Src/stm32f1xx_hal.c ****   *       Debug registers DBGMCU_IDCODE and DBGMCU_CR are accessible only in
 581:Drivers/STM32F1xx_HAL_Driver/Src/stm32f1xx_hal.c ****   *       debug mode (not accessible by the user software in normal mode).
 582:Drivers/STM32F1xx_HAL_Driver/Src/stm32f1xx_hal.c ****   *       Refer to errata sheet of these devices for more details.
 583:Drivers/STM32F1xx_HAL_Driver/Src/stm32f1xx_hal.c ****   * @retval None
 584:Drivers/STM32F1xx_HAL_Driver/Src/stm32f1xx_hal.c ****   */
 585:Drivers/STM32F1xx_HAL_Driver/Src/stm32f1xx_hal.c **** void HAL_DBGMCU_DisableDBGStandbyMode(void)
 586:Drivers/STM32F1xx_HAL_Driver/Src/stm32f1xx_hal.c **** {
 839              		.loc 1 586 1 is_stmt 1 view -0
 840              		.cfi_startproc
 841              		@ args = 0, pretend = 0, frame = 0
 842              		@ frame_needed = 0, uses_anonymous_args = 0
 843              		@ link register save eliminated.
 587:Drivers/STM32F1xx_HAL_Driver/Src/stm32f1xx_hal.c ****   CLEAR_BIT(DBGMCU->CR, DBGMCU_CR_DBG_STANDBY);
 844              		.loc 1 587 3 view .LVU143
 845 0000 024A     		ldr	r2, .L79
 846 0002 5368     		ldr	r3, [r2, #4]
 847 0004 23F00403 		bic	r3, r3, #4
 848 0008 5360     		str	r3, [r2, #4]
 588:Drivers/STM32F1xx_HAL_Driver/Src/stm32f1xx_hal.c **** }
 849              		.loc 1 588 1 is_stmt 0 view .LVU144
ARM GAS  /tmp/cc7kwztn.s 			page 26


 850 000a 7047     		bx	lr
 851              	.L80:
 852              		.align	2
 853              	.L79:
 854 000c 002004E0 		.word	-536600576
 855              		.cfi_endproc
 856              	.LFE89:
 858              		.global	uwTickFreq
 859              		.section	.data.uwTickFreq,"aw"
 862              	uwTickFreq:
 863 0000 01       		.byte	1
 864              		.global	uwTickPrio
 865              		.section	.data.uwTickPrio,"aw"
 866              		.align	2
 869              	uwTickPrio:
 870 0000 10000000 		.word	16
 871              		.global	uwTick
 872              		.section	.bss.uwTick,"aw",%nobits
 873              		.align	2
 876              	uwTick:
 877 0000 00000000 		.space	4
 878              		.text
 879              	.Letext0:
 880              		.file 2 "Drivers/CMSIS/Device/ST/STM32F1xx/Include/stm32f103xb.h"
 881              		.file 3 "/usr/local/src/arm-gnu-toolchain-13.2/arm-none-eabi/include/machine/_default_types.h"
 882              		.file 4 "/usr/local/src/arm-gnu-toolchain-13.2/arm-none-eabi/include/sys/_stdint.h"
 883              		.file 5 "Drivers/CMSIS/Include/core_cm3.h"
 884              		.file 6 "Drivers/STM32F1xx_HAL_Driver/Inc/stm32f1xx_hal_def.h"
 885              		.file 7 "Drivers/STM32F1xx_HAL_Driver/Inc/stm32f1xx_hal.h"
 886              		.file 8 "Drivers/CMSIS/Device/ST/STM32F1xx/Include/system_stm32f1xx.h"
 887              		.file 9 "Drivers/STM32F1xx_HAL_Driver/Inc/stm32f1xx_hal_cortex.h"
ARM GAS  /tmp/cc7kwztn.s 			page 27


DEFINED SYMBOLS
                            *ABS*:00000000 stm32f1xx_hal.c
     /tmp/cc7kwztn.s:19     .text.HAL_MspInit:00000000 $t
     /tmp/cc7kwztn.s:25     .text.HAL_MspInit:00000000 HAL_MspInit
     /tmp/cc7kwztn.s:38     .text.HAL_MspDeInit:00000000 $t
     /tmp/cc7kwztn.s:44     .text.HAL_MspDeInit:00000000 HAL_MspDeInit
     /tmp/cc7kwztn.s:56     .text.HAL_DeInit:00000000 $t
     /tmp/cc7kwztn.s:62     .text.HAL_DeInit:00000000 HAL_DeInit
     /tmp/cc7kwztn.s:98     .text.HAL_DeInit:0000001c $d
     /tmp/cc7kwztn.s:103    .text.HAL_InitTick:00000000 $t
     /tmp/cc7kwztn.s:109    .text.HAL_InitTick:00000000 HAL_InitTick
     /tmp/cc7kwztn.s:180    .text.HAL_InitTick:0000003c $d
     /tmp/cc7kwztn.s:862    .data.uwTickFreq:00000000 uwTickFreq
     /tmp/cc7kwztn.s:869    .data.uwTickPrio:00000000 uwTickPrio
     /tmp/cc7kwztn.s:187    .text.HAL_Init:00000000 $t
     /tmp/cc7kwztn.s:193    .text.HAL_Init:00000000 HAL_Init
     /tmp/cc7kwztn.s:231    .text.HAL_Init:00000020 $d
     /tmp/cc7kwztn.s:236    .text.HAL_IncTick:00000000 $t
     /tmp/cc7kwztn.s:242    .text.HAL_IncTick:00000000 HAL_IncTick
     /tmp/cc7kwztn.s:262    .text.HAL_IncTick:00000010 $d
     /tmp/cc7kwztn.s:876    .bss.uwTick:00000000 uwTick
     /tmp/cc7kwztn.s:268    .text.HAL_GetTick:00000000 $t
     /tmp/cc7kwztn.s:274    .text.HAL_GetTick:00000000 HAL_GetTick
     /tmp/cc7kwztn.s:290    .text.HAL_GetTick:00000008 $d
     /tmp/cc7kwztn.s:295    .text.HAL_GetTickPrio:00000000 $t
     /tmp/cc7kwztn.s:301    .text.HAL_GetTickPrio:00000000 HAL_GetTickPrio
     /tmp/cc7kwztn.s:316    .text.HAL_GetTickPrio:00000008 $d
     /tmp/cc7kwztn.s:321    .text.HAL_SetTickFreq:00000000 $t
     /tmp/cc7kwztn.s:327    .text.HAL_SetTickFreq:00000000 HAL_SetTickFreq
     /tmp/cc7kwztn.s:387    .text.HAL_SetTickFreq:00000020 $d
     /tmp/cc7kwztn.s:393    .text.HAL_GetTickFreq:00000000 $t
     /tmp/cc7kwztn.s:399    .text.HAL_GetTickFreq:00000000 HAL_GetTickFreq
     /tmp/cc7kwztn.s:414    .text.HAL_GetTickFreq:00000008 $d
     /tmp/cc7kwztn.s:419    .text.HAL_Delay:00000000 $t
     /tmp/cc7kwztn.s:425    .text.HAL_Delay:00000000 HAL_Delay
     /tmp/cc7kwztn.s:479    .text.HAL_Delay:00000020 $d
     /tmp/cc7kwztn.s:484    .text.HAL_SuspendTick:00000000 $t
     /tmp/cc7kwztn.s:490    .text.HAL_SuspendTick:00000000 HAL_SuspendTick
     /tmp/cc7kwztn.s:508    .text.HAL_ResumeTick:00000000 $t
     /tmp/cc7kwztn.s:514    .text.HAL_ResumeTick:00000000 HAL_ResumeTick
     /tmp/cc7kwztn.s:532    .text.HAL_GetHalVersion:00000000 $t
     /tmp/cc7kwztn.s:538    .text.HAL_GetHalVersion:00000000 HAL_GetHalVersion
     /tmp/cc7kwztn.s:552    .text.HAL_GetHalVersion:00000004 $d
     /tmp/cc7kwztn.s:557    .text.HAL_GetREVID:00000000 $t
     /tmp/cc7kwztn.s:563    .text.HAL_GetREVID:00000000 HAL_GetREVID
     /tmp/cc7kwztn.s:580    .text.HAL_GetREVID:00000008 $d
     /tmp/cc7kwztn.s:585    .text.HAL_GetDEVID:00000000 $t
     /tmp/cc7kwztn.s:591    .text.HAL_GetDEVID:00000000 HAL_GetDEVID
     /tmp/cc7kwztn.s:608    .text.HAL_GetDEVID:0000000c $d
     /tmp/cc7kwztn.s:613    .text.HAL_GetUIDw0:00000000 $t
     /tmp/cc7kwztn.s:619    .text.HAL_GetUIDw0:00000000 HAL_GetUIDw0
     /tmp/cc7kwztn.s:634    .text.HAL_GetUIDw0:00000008 $d
     /tmp/cc7kwztn.s:639    .text.HAL_GetUIDw1:00000000 $t
     /tmp/cc7kwztn.s:645    .text.HAL_GetUIDw1:00000000 HAL_GetUIDw1
     /tmp/cc7kwztn.s:660    .text.HAL_GetUIDw1:00000008 $d
     /tmp/cc7kwztn.s:665    .text.HAL_GetUIDw2:00000000 $t
     /tmp/cc7kwztn.s:671    .text.HAL_GetUIDw2:00000000 HAL_GetUIDw2
ARM GAS  /tmp/cc7kwztn.s 			page 28


     /tmp/cc7kwztn.s:686    .text.HAL_GetUIDw2:00000008 $d
     /tmp/cc7kwztn.s:691    .text.HAL_DBGMCU_EnableDBGSleepMode:00000000 $t
     /tmp/cc7kwztn.s:697    .text.HAL_DBGMCU_EnableDBGSleepMode:00000000 HAL_DBGMCU_EnableDBGSleepMode
     /tmp/cc7kwztn.s:714    .text.HAL_DBGMCU_EnableDBGSleepMode:0000000c $d
     /tmp/cc7kwztn.s:719    .text.HAL_DBGMCU_DisableDBGSleepMode:00000000 $t
     /tmp/cc7kwztn.s:725    .text.HAL_DBGMCU_DisableDBGSleepMode:00000000 HAL_DBGMCU_DisableDBGSleepMode
     /tmp/cc7kwztn.s:742    .text.HAL_DBGMCU_DisableDBGSleepMode:0000000c $d
     /tmp/cc7kwztn.s:747    .text.HAL_DBGMCU_EnableDBGStopMode:00000000 $t
     /tmp/cc7kwztn.s:753    .text.HAL_DBGMCU_EnableDBGStopMode:00000000 HAL_DBGMCU_EnableDBGStopMode
     /tmp/cc7kwztn.s:770    .text.HAL_DBGMCU_EnableDBGStopMode:0000000c $d
     /tmp/cc7kwztn.s:775    .text.HAL_DBGMCU_DisableDBGStopMode:00000000 $t
     /tmp/cc7kwztn.s:781    .text.HAL_DBGMCU_DisableDBGStopMode:00000000 HAL_DBGMCU_DisableDBGStopMode
     /tmp/cc7kwztn.s:798    .text.HAL_DBGMCU_DisableDBGStopMode:0000000c $d
     /tmp/cc7kwztn.s:803    .text.HAL_DBGMCU_EnableDBGStandbyMode:00000000 $t
     /tmp/cc7kwztn.s:809    .text.HAL_DBGMCU_EnableDBGStandbyMode:00000000 HAL_DBGMCU_EnableDBGStandbyMode
     /tmp/cc7kwztn.s:826    .text.HAL_DBGMCU_EnableDBGStandbyMode:0000000c $d
     /tmp/cc7kwztn.s:831    .text.HAL_DBGMCU_DisableDBGStandbyMode:00000000 $t
     /tmp/cc7kwztn.s:837    .text.HAL_DBGMCU_DisableDBGStandbyMode:00000000 HAL_DBGMCU_DisableDBGStandbyMode
     /tmp/cc7kwztn.s:854    .text.HAL_DBGMCU_DisableDBGStandbyMode:0000000c $d
     /tmp/cc7kwztn.s:866    .data.uwTickPrio:00000000 $d
     /tmp/cc7kwztn.s:873    .bss.uwTick:00000000 $d

UNDEFINED SYMBOLS
HAL_SYSTICK_Config
HAL_NVIC_SetPriority
SystemCoreClock
HAL_NVIC_SetPriorityGrouping
